2025-02-27 13:07:26.805 | INFO     | __main__:main:43 - coords x: 0.6163448986921977, y: 2.0435663627481824, True
2025-02-27 13:07:26.952 | INFO     | __main__:main:43 - coords x: 1.725454095322475, y: -3.1243721389309207, False
2025-02-27 13:07:27.054 | INFO     | __main__:main:43 - coords x: 0.6817328520357663, y: -2.344603673830315, False
2025-02-27 13:07:27.157 | INFO     | __main__:main:43 - coords x: 0.7508289213747315, y: -0.3931451584072468, False
2025-02-27 13:07:27.260 | INFO     | __main__:main:43 - coords x: 1.3040544174165283, y: -3.1141643564031374, False
2025-02-27 13:07:27.363 | INFO     | __main__:main:43 - coords x: -1.3883098486526628, y: -2.8014530851543773, False
2025-02-27 13:07:27.466 | INFO     | __main__:main:43 - coords x: -1.3735654075336958, y: -2.8167894986803024, False
2025-02-27 13:07:27.568 | INFO     | __main__:main:43 - coords x: -1.0464791601605925, y: -1.4824338962401757, True
2025-02-27 13:07:27.671 | INFO     | __main__:main:43 - coords x: 2.1261572763407925, y: 0.9405587360982767, False
2025-02-27 13:07:27.774 | INFO     | __main__:main:43 - coords x: -1.9578935332674174, y: -1.1276922261535973, True
2025-02-27 13:07:27.877 | INFO     | __main__:main:43 - coords x: -2.0937955001511597, y: -1.351568908778073, True
2025-02-27 13:07:27.979 | INFO     | __main__:main:43 - coords x: 0.478359184418099, y: -0.7711747849912939, False
2025-02-27 13:07:28.081 | INFO     | __main__:main:43 - coords x: 0.7304141395275524, y: 0.5708081064404348, True
2025-02-27 13:07:28.184 | INFO     | __main__:main:43 - coords x: -1.7428992623553936, y: 1.8339761938092776, False
2025-02-27 13:07:28.286 | INFO     | __main__:main:43 - coords x: 0.23900600633117236, y: 1.3234300898673717, True
2025-02-27 13:07:28.389 | INFO     | __main__:main:43 - coords x: -0.8601460885312817, y: 1.128988205876996, False
2025-02-27 13:07:28.491 | INFO     | __main__:main:43 - coords x: 1.268060260028075, y: 1.1105412300374768, True
2025-02-27 13:07:28.594 | INFO     | __main__:main:43 - coords x: -3.041955384846626, y: -0.2004552835385926, False
2025-02-27 13:07:28.696 | INFO     | __main__:main:43 - coords x: -2.845252416988013, y: 2.21655682544159, 
2025-02-27 13:07:28.799 | INFO     | __main__:main:43 - coords x: -0.11474209471846791, y: 0.9049646062712275, False
2025-02-27 13:07:28.900 | INFO     | __main__:main:43 - coords x: -2.0645181810471303, y: 1.3386930583098553, False
2025-02-27 13:07:29.002 | INFO     | __main__:main:43 - coords x: 2.184656810568296, y: 1.3847897784084222, False
2025-02-27 13:07:29.104 | INFO     | __main__:main:43 - coords x: -0.10092640281806446, y: 0.04934744419850503, False
2025-02-27 13:07:29.207 | INFO     | __main__:main:43 - coords x: -2.486921703865133, y: -0.055863547769286745, True
2025-02-27 13:07:29.310 | INFO     | __main__:main:43 - coords x: -1.5681561859041468, y: -3.0177121151524924, False
2025-02-27 13:07:29.413 | INFO     | __main__:main:43 - coords x: -0.5309026585969805, y: -0.06224118714995112, True
2025-02-27 13:07:29.515 | INFO     | __main__:main:43 - coords x: 1.1417022374233392, y: -2.035323107154628, False
2025-02-27 13:07:29.618 | INFO     | __main__:main:43 - coords x: 1.2330513763085018, y: 1.8049169968642282, True
2025-02-27 13:07:29.721 | INFO     | __main__:main:43 - coords x: 1.0986199938567327, y: -2.5680601760903015, False
2025-02-27 13:07:29.823 | INFO     | __main__:main:43 - coords x: -1.293742443002731, y: -0.8232079476648968, True
2025-02-27 21:23:22.835 | INFO     | __main__:main:29 - coords x: -0.5991128723937816, y: -1.7503708383078325, True
2025-02-27 21:26:33.079 | INFO     | __main__:main:30 - coords x: -0.7709015168196198, y: -2.6909732073205577, True
2025-02-27 21:26:33.079 | INFO     | __main__:main:30 - coords x: 2.338952587110958, y: -1.1166085161856147, False
2025-02-27 21:26:33.079 | INFO     | __main__:main:30 - coords x: 2.2668390421965814, y: 1.951948403228036, False
2025-02-27 21:26:33.079 | INFO     | __main__:main:30 - coords x: -1.0172589682077917, y: 0.6274080891090122, False
2025-02-27 21:26:33.079 | INFO     | __main__:main:30 - coords x: -1.3406729693000063, y: -1.9998935926948784, True
2025-02-27 21:26:33.079 | INFO     | __main__:main:30 - coords x: 0.9092225757474015, y: 0.8774058225443708, True
2025-02-27 21:26:33.080 | INFO     | __main__:main:30 - coords x: 0.7785075048794492, y: 1.7223774589546021, True
2025-02-27 21:26:33.080 | INFO     | __main__:main:30 - coords x: -1.2930706776763574, y: 0.43233754367777066, False
2025-02-27 21:26:33.080 | INFO     | __main__:main:30 - coords x: -2.072322678057128, y: 1.9586084184546706, False
2025-02-27 21:26:33.080 | INFO     | __main__:main:30 - coords x: -0.6141851572312109, y: 1.0577856221240904, False
2025-02-27 21:26:33.080 | INFO     | __main__:main:30 - coords x: 0.048970801028245796, y: -1.7422316872802937, False
2025-02-27 21:26:33.080 | INFO     | __main__:main:30 - coords x: -3.0166958771817174, y: -2.2208727326436244, False
2025-02-27 21:26:33.080 | INFO     | __main__:main:30 - coords x: -0.4874859530220174, y: 0.17430331921780437, False
2025-02-27 21:26:33.080 | INFO     | __main__:main:30 - coords x: -0.4900701170544558, y: 0.22296223900143, False
2025-02-27 21:26:33.080 | INFO     | __main__:main:30 - coords x: 1.436123235186666, y: -2.0086327561652064, False
2025-02-27 21:26:33.080 | INFO     | __main__:main:30 - coords x: 0.48471241929560716, y: -2.2053036902282446, False
2025-02-27 21:26:33.080 | INFO     | __main__:main:30 - coords x: -3.0345322027357615, y: -1.7228916607450653, False
2025-02-27 21:26:33.080 | INFO     | __main__:main:30 - coords x: -0.587189021942809, y: 1.3753588903062142, False
2025-02-27 21:26:33.080 | INFO     | __main__:main:30 - coords x: 1.240949358441846, y: 0.5693054934371267, True
2025-02-27 21:26:33.080 | INFO     | __main__:main:30 - coords x: -2.218222636845732, y: -1.5633638374024452, True
2025-02-27 21:26:33.080 | INFO     | __main__:main:30 - coords x: -1.7939534152836778, y: 1.7996700425295282, False
2025-02-27 21:26:33.080 | INFO     | __main__:main:30 - coords x: 1.2473215068497765, y: 1.6368481397327528, True
2025-02-27 21:26:33.080 | INFO     | __main__:main:30 - coords x: 0.47941395996763714, y: 1.336270999372634, True
2025-02-27 21:26:33.080 | INFO     | __main__:main:30 - coords x: -2.2462958726405784, y: -1.749384415470306, True
2025-02-27 21:26:33.080 | INFO     | __main__:main:30 - coords x: -0.28693571983983945, y: -1.6545208174687478, True
2025-02-27 21:26:33.080 | INFO     | __main__:main:30 - coords x: 0.6907683959148081, y: 0.36279381944319106, True
2025-02-27 21:26:33.080 | INFO     | __main__:main:30 - coords x: -0.28773263405460936, y: 1.591734315742602, False
2025-02-27 21:26:33.080 | INFO     | __main__:main:30 - coords x: 1.3654690419719357, y: -1.0206605280950765, False
2025-02-27 21:26:33.080 | INFO     | __main__:main:30 - coords x: -2.5566201044146717, y: 0.32601700291215596, False
2025-02-27 21:26:33.080 | INFO     | __main__:main:30 - coords x: -2.668642313297842, y: 2.2149856217619455, False
2025-02-27 21:26:55.166 | INFO     | __main__:main:30 - coords x: -2.4109859555564173, y: 1.9624231384983257, False
2025-02-27 21:58:20.962 | INFO     | __main__:main:28 - coords x: -0.49303675606553815, y: -0.2415671257141761, True
2025-02-27 21:58:20.963 | INFO     | __main__:main:28 - coords x: -2.5056532090255885, y: -3.083968837047159, False
2025-02-27 21:58:20.963 | INFO     | __main__:main:28 - coords x: -0.8557356912915177, y: -0.3263626350517612, True
2025-02-27 21:58:20.963 | INFO     | __main__:main:28 - coords x: 0.032647161979529334, y: -1.737588633651213, False
2025-02-27 21:58:20.963 | INFO     | __main__:main:28 - coords x: -1.8072597705832572, y: -0.15693031856708756, True
2025-02-27 21:58:20.963 | INFO     | __main__:main:28 - coords x: -1.887016603287781, y: -2.3779504918409113, False
2025-02-27 21:58:20.963 | INFO     | __main__:main:28 - coords x: -3.1050093637729956, y: 0.08403418399524938, False
2025-02-27 21:58:20.963 | INFO     | __main__:main:28 - coords x: 0.6006723241076224, y: -2.5624907524677765, False
2025-02-27 21:58:20.963 | INFO     | __main__:main:28 - coords x: 0.7766245610664404, y: 0.850579194477525, True
2025-02-27 21:58:20.963 | INFO     | __main__:main:28 - coords x: -0.08218065846301695, y: -1.612999441423149, True
2025-02-27 21:58:20.963 | INFO     | __main__:main:28 - coords x: -2.496046007347656, y: -1.1735306842119517, True
2025-02-27 21:58:20.963 | INFO     | __main__:main:28 - coords x: 0.37048567302890445, y: -0.7073414727231672, False
2025-02-27 21:58:20.963 | INFO     | __main__:main:28 - coords x: -0.7498940302922469, y: -3.1797238251363837, False
2025-02-27 21:58:20.963 | INFO     | __main__:main:28 - coords x: -0.6386235971477126, y: -0.4538797827906864, True
2025-02-27 21:58:20.963 | INFO     | __main__:main:28 - coords x: -0.7913107390311944, y: -0.7779018208586232, True
2025-02-27 21:58:20.963 | INFO     | __main__:main:28 - coords x: 1.603279105773397, y: 0.9414757837541713, True
2025-02-27 21:58:20.963 | INFO     | __main__:main:28 - coords x: 1.464549509234935, y: -2.3391307044616894, False
2025-02-27 21:58:20.963 | INFO     | __main__:main:28 - coords x: 0.2853069592626159, y: -0.06729274162337492, False
2025-02-27 21:58:20.963 | INFO     | __main__:main:28 - coords x: 2.1556034568944034, y: 0.16849958765502693, False
2025-02-27 21:58:20.963 | INFO     | __main__:main:28 - coords x: -2.810270276915239, y: 0.4317037175501954, False
2025-02-27 22:41:32.175 | INFO     | __main__:main:29 - coords x: -0.18987482494845015, y: -3.101946420817972, True
2025-02-27 22:41:32.179 | INFO     | __main__:main:29 - coords x: -3.911641843887835, y: -2.0181031436776173, False
2025-02-27 22:41:32.179 | INFO     | __main__:main:29 - coords x: 2.292963629515002, y: -3.6468341294787594, False
2025-02-27 22:41:32.179 | INFO     | __main__:main:29 - coords x: -1.5039494859987352, y: -0.43566993585846814, True
2025-02-27 22:41:32.179 | INFO     | __main__:main:29 - coords x: -2.4945226812661856, y: -1.880987437392153, True
2025-02-27 22:41:32.179 | INFO     | __main__:main:29 - coords x: -1.6847376518125587, y: 0.8982962802611942, False
2025-02-27 22:41:32.179 | INFO     | __main__:main:29 - coords x: -0.1362944746127659, y: -2.0421019449807827, True
2025-02-27 22:41:32.179 | INFO     | __main__:main:29 - coords x: -0.568095103406412, y: -1.6916442799607578, True
2025-02-27 22:41:32.179 | INFO     | __main__:main:29 - coords x: -3.322451244674496, y: -3.2793565525173083, False
2025-02-27 22:41:32.179 | INFO     | __main__:main:29 - coords x: -4.304745385680738, y: 0.018116394443844542, False
2025-02-27 22:41:32.179 | INFO     | __main__:main:29 - coords x: 0.40055067059471555, y: -0.31238230593969624, False
2025-02-27 22:41:32.179 | INFO     | __main__:main:29 - coords x: 0.34740243601287657, y: 1.1446556079562227, True
2025-02-27 22:41:32.179 | INFO     | __main__:main:29 - coords x: 1.7429295632577608, y: 0.279000505397648, True
2025-02-27 22:41:32.179 | INFO     | __main__:main:29 - coords x: 0.3076626039399965, y: 2.485614189259801, True
2025-02-27 22:41:32.179 | INFO     | __main__:main:29 - coords x: 1.655286172432927, y: 2.4099556947249026, True
2025-02-27 22:41:32.180 | INFO     | __main__:main:29 - coords x: -0.6578655448379622, y: 2.707042529861869, False
2025-02-27 22:41:32.180 | INFO     | __main__:main:29 - coords x: 2.253006555351032, y: -0.03915340478283083, False
2025-02-27 22:41:32.180 | INFO     | __main__:main:29 - coords x: -3.0898063040239756, y: 2.0037855705135628, False
2025-02-27 22:41:32.180 | INFO     | __main__:main:29 - coords x: 1.1426160327404447, y: 0.005230583985974367, True
2025-02-27 22:41:32.180 | INFO     | __main__:main:29 - coords x: 0.8765282286071476, y: 2.1404098597023267, True
2025-02-27 22:44:00.689 | INFO     | __main__:main:29 - coords x: -2.255584551791921, y: 1.827912677974184, False
2025-02-27 22:44:00.690 | INFO     | __main__:main:29 - coords x: 1.413337437603922, y: 0.6958210766294306, True
2025-02-27 22:44:00.690 | INFO     | __main__:main:29 - coords x: -0.9001045488134813, y: -2.9197512987383525, True
2025-02-27 22:44:00.690 | INFO     | __main__:main:29 - coords x: -0.7234852574184728, y: -3.091830476945345, True
2025-02-27 22:44:00.690 | INFO     | __main__:main:29 - coords x: 0.6997531076275282, y: 1.3181291618030624, True
2025-02-27 22:44:00.690 | INFO     | __main__:main:29 - coords x: 1.2409878598400985, y: 1.5596551853303533, True
2025-02-27 22:44:00.691 | INFO     | __main__:main:29 - coords x: 1.1354581550134675, y: 2.6704461426751367, True
2025-02-27 22:44:00.691 | INFO     | __main__:main:29 - coords x: -3.020948911722335, y: 0.13012692272293713, False
2025-02-27 22:44:00.691 | INFO     | __main__:main:29 - coords x: 3.12309309563601, y: 0.8206871966354601, False
2025-02-27 22:44:00.691 | INFO     | __main__:main:29 - coords x: 1.7264069571287366, y: 2.7651925492643206, True
2025-02-27 22:44:00.691 | INFO     | __main__:main:29 - coords x: -3.167492860579629, y: -2.844055713853574, False
2025-02-27 22:44:00.691 | INFO     | __main__:main:29 - coords x: 0.7875255360151451, y: -3.1347175260629814, False
2025-02-27 22:44:00.691 | INFO     | __main__:main:29 - coords x: -2.959496983538314, y: 3.0018656577572846, False
2025-02-27 22:44:00.691 | INFO     | __main__:main:29 - coords x: 2.853195833098412, y: -0.8970535989235616, False
2025-02-27 22:44:00.691 | INFO     | __main__:main:29 - coords x: -4.218899715101064, y: 2.604980720859191, False
2025-02-27 22:44:00.691 | INFO     | __main__:main:29 - coords x: 1.475876167202871, y: 2.6527826981764018, True
2025-02-27 22:44:00.691 | INFO     | __main__:main:29 - coords x: 3.0404898575449018, y: 1.5977019742050433, False
2025-02-27 22:44:00.692 | INFO     | __main__:main:29 - coords x: -2.3034967589002853, y: -2.9915823051224018, True
2025-02-27 22:44:00.692 | INFO     | __main__:main:29 - coords x: 0.2901820444119879, y: -2.319704410773675, False
2025-02-27 22:44:00.692 | INFO     | __main__:main:29 - coords x: -0.7084635452562659, y: -0.046635686391294666, True
2025-02-27 22:44:30.402 | INFO     | __main__:main:29 - coords x: 2.0767395970193894, y: -2.446635930194946, False
2025-02-27 22:44:30.404 | INFO     | __main__:main:29 - coords x: 1.6575737220966946, y: -1.3220611393144215, False
2025-02-27 22:44:30.404 | INFO     | __main__:main:29 - coords x: -1.934912011426218, y: -1.9364266086619828, True
2025-02-27 22:44:30.404 | INFO     | __main__:main:29 - coords x: 0.3329449174986082, y: -1.38380567282602, False
2025-02-27 22:44:30.405 | INFO     | __main__:main:29 - coords x: 1.7469719261705356, y: -1.7741192563458759, False
2025-02-27 22:44:30.405 | INFO     | __main__:main:29 - coords x: 0.4038804319238785, y: -1.0679173337871217, False
2025-02-27 22:44:30.405 | INFO     | __main__:main:29 - coords x: 1.5087437682941378, y: 1.4400132976149198, True
2025-02-27 22:44:30.405 | INFO     | __main__:main:29 - coords x: -1.234180555891837, y: -1.9899751155697283, True
2025-02-27 22:44:30.405 | INFO     | __main__:main:29 - coords x: -1.821345571806339, y: -0.2523223716484931, True
2025-02-27 22:44:30.405 | INFO     | __main__:main:29 - coords x: -0.38657997311893305, y: 1.7458244927420885, False
2025-02-27 22:44:30.405 | INFO     | __main__:main:29 - coords x: 1.9016195168568883, y: 2.3484956413820184, False
2025-02-27 22:44:30.406 | INFO     | __main__:main:29 - coords x: 0.4429778933421329, y: 0.016469068931287138, True
2025-02-27 22:44:30.406 | INFO     | __main__:main:29 - coords x: 1.106217347643763, y: 0.9273194863789341, True
2025-02-27 22:44:30.406 | INFO     | __main__:main:29 - coords x: -0.7902908877657414, y: 0.03257854533716176, False
2025-02-27 22:44:30.407 | INFO     | __main__:main:29 - coords x: -2.5848500023452967, y: 1.7220468313741741, False
2025-02-27 22:44:30.407 | INFO     | __main__:main:29 - coords x: -2.9137162228389415, y: -1.074333239287514, False
2025-02-27 22:44:30.407 | INFO     | __main__:main:29 - coords x: -3.125780753555583, y: -3.2010623856356206, False
2025-02-27 22:44:30.407 | INFO     | __main__:main:29 - coords x: -1.5588247342686985, y: -1.6009186862173541, True
2025-02-27 22:44:30.407 | INFO     | __main__:main:29 - coords x: -1.9561595402053595, y: -0.9452981751357651, True
2025-02-27 22:44:30.407 | INFO     | __main__:main:29 - coords x: -3.050142315455863, y: -0.0520330516507413, False
2025-02-27 22:44:56.186 | INFO     | __main__:main:29 - coords x: -1.1138721991114608, y: -1.111543146471964, True
2025-02-27 22:44:56.187 | INFO     | __main__:main:29 - coords x: -2.527228344136946, y: 1.3206446703648547, False
2025-02-27 22:44:56.187 | INFO     | __main__:main:29 - coords x: -2.2858152266621845, y: 0.7757470626923354, False
2025-02-27 22:44:56.187 | INFO     | __main__:main:29 - coords x: -2.2712246545592722, y: -2.0519547281813213, False
2025-02-27 22:44:56.187 | INFO     | __main__:main:29 - coords x: -1.5086966597358715, y: 2.3680810844656524, False
2025-02-27 22:44:56.187 | INFO     | __main__:main:29 - coords x: 0.235970144338186, y: 0.06738251360542788, True
2025-02-27 22:44:56.187 | INFO     | __main__:main:29 - coords x: -2.158677481859133, y: -1.6052025942435493, True
2025-02-27 22:44:56.187 | INFO     | __main__:main:29 - coords x: -0.7038967535214568, y: -0.7825629276772437, True
2025-02-27 22:44:56.187 | INFO     | __main__:main:29 - coords x: -1.790888328375695, y: 1.8571495192772085, False
2025-02-27 22:44:56.187 | INFO     | __main__:main:29 - coords x: 1.5892245897667918, y: -1.0157505831648723, False
2025-02-27 22:44:56.187 | INFO     | __main__:main:29 - coords x: -2.2100816201235713, y: 0.9824346024881591, False
2025-02-27 22:44:56.187 | INFO     | __main__:main:29 - coords x: 2.123203951338774, y: 0.009778378517345494, False
2025-02-27 22:44:56.187 | INFO     | __main__:main:29 - coords x: -1.2046261333736397, y: 1.0389862875285711, False
2025-02-27 22:44:56.187 | INFO     | __main__:main:29 - coords x: 0.9841812934469256, y: -1.313696153715821, False
2025-02-27 22:44:56.187 | INFO     | __main__:main:29 - coords x: 0.598419011701187, y: -0.3300695230057913, False
2025-02-27 22:44:56.187 | INFO     | __main__:main:29 - coords x: 0.05271071691032993, y: -0.27202198217041107, False
2025-02-27 22:44:56.187 | INFO     | __main__:main:29 - coords x: 0.09465825374477058, y: -1.5108704532335113, False
2025-02-27 22:44:56.188 | INFO     | __main__:main:29 - coords x: -2.4988944668022706, y: 1.0120912269203308, False
2025-02-27 22:44:56.188 | INFO     | __main__:main:29 - coords x: -0.4530277389280339, y: 0.08093303783490191, False
2025-02-27 22:44:56.188 | INFO     | __main__:main:29 - coords x: 1.9597670389492932, y: -1.1294045255324343, False
2025-02-27 22:44:56.188 | INFO     | __main__:main:29 - coords x: -2.410398348189216, y: -3.153151942412915, False
2025-02-27 22:44:56.188 | INFO     | __main__:main:29 - coords x: 0.5682275323424903, y: -2.033386853656895, False
2025-02-27 22:44:56.188 | INFO     | __main__:main:29 - coords x: -1.5177416221886164, y: -0.8432539813523743, True
2025-02-27 22:44:56.188 | INFO     | __main__:main:29 - coords x: -2.259177697419472, y: -2.659448337664739, False
2025-02-27 22:44:56.188 | INFO     | __main__:main:29 - coords x: 0.7359993527563051, y: 1.5514824958477302, True
2025-02-27 22:44:56.188 | INFO     | __main__:main:29 - coords x: 0.6481057092018383, y: 1.2660256673938244, True
2025-02-27 22:44:56.188 | INFO     | __main__:main:29 - coords x: -2.122191252258265, y: -3.0287871679799085, False
2025-02-27 22:44:56.188 | INFO     | __main__:main:29 - coords x: -0.4466835881276938, y: -2.6358573739049436, True
2025-02-27 22:44:56.188 | INFO     | __main__:main:29 - coords x: -2.5589755422970404, y: 0.11282871117366093, False
2025-02-27 22:44:56.188 | INFO     | __main__:main:29 - coords x: 0.06116773418656181, y: 0.779890453286712, True
2025-02-27 22:46:13.184 | INFO     | __main__:main:29 - coords x: 0.8159145777335014, y: 1.3690318780942945, True
2025-02-27 22:46:13.184 | INFO     | __main__:main:29 - coords x: -1.2686272215064929, y: 0.5600721729093834, False
2025-02-27 22:46:13.185 | INFO     | __main__:main:29 - coords x: -0.9937323869609369, y: -0.9989334849384027, True
2025-02-27 22:46:13.185 | INFO     | __main__:main:29 - coords x: 0.20818764001547688, y: -0.25632073854049364, False
2025-02-27 22:46:13.185 | INFO     | __main__:main:29 - coords x: -0.2766515131650111, y: 0.2009741774562739, False
2025-02-27 22:46:13.185 | INFO     | __main__:main:29 - coords x: 0.9604005652113125, y: 1.0816628919907962, True
2025-02-27 22:46:13.185 | INFO     | __main__:main:29 - coords x: -1.2711941239853568, y: -1.3334754245592457, True
2025-02-27 22:46:13.185 | INFO     | __main__:main:29 - coords x: -1.2031563148558335, y: -0.18600455031813326, True
2025-02-27 22:46:13.185 | INFO     | __main__:main:29 - coords x: -1.4455768206209028, y: -1.321464530409704, True
2025-02-27 22:46:13.186 | INFO     | __main__:main:29 - coords x: -1.029894474576333, y: -2.0835731394892543, False
2025-02-27 22:46:13.186 | INFO     | __main__:main:29 - coords x: 0.4761302571528491, y: -0.02884359788833172, False
2025-02-27 22:46:13.186 | INFO     | __main__:main:29 - coords x: 0.6747020895017197, y: -1.432184798299147, False
2025-02-27 22:46:13.186 | INFO     | __main__:main:29 - coords x: -1.028780061510107, y: -1.7448635770459642, False
2025-02-27 22:46:13.186 | INFO     | __main__:main:29 - coords x: -0.2039221757213487, y: -1.5122181468877824, True
2025-02-27 22:46:13.186 | INFO     | __main__:main:29 - coords x: -1.9251095613770641, y: 1.53217502195539, False
2025-02-27 22:46:13.186 | INFO     | __main__:main:29 - coords x: -2.0596942441142527, y: 0.9483261416280866, False
2025-02-27 22:46:13.186 | INFO     | __main__:main:29 - coords x: -1.6908432017350037, y: -0.6520624557371845, True
2025-02-27 22:46:13.186 | INFO     | __main__:main:29 - coords x: -1.3709991351514117, y: -0.3316503891175115, True
2025-02-27 22:46:13.186 | INFO     | __main__:main:29 - coords x: -1.3909147289196635, y: -1.0329328316516466, True
2025-02-27 22:46:13.186 | INFO     | __main__:main:29 - coords x: 1.2299452291429285, y: 0.3789326840887187, True
2025-02-27 22:46:13.186 | INFO     | __main__:main:29 - coords x: 0.13412080611994764, y: -0.43920903509542514, False
2025-02-27 22:46:13.186 | INFO     | __main__:main:29 - coords x: -1.7244204531071385, y: 0.841886792238632, False
2025-02-27 22:46:13.186 | INFO     | __main__:main:29 - coords x: 1.4723481244965482, y: -1.148780797094932, False
2025-02-27 22:46:13.186 | INFO     | __main__:main:29 - coords x: -0.5236792063469585, y: 0.9172316767718796, False
2025-02-27 22:46:13.187 | INFO     | __main__:main:29 - coords x: -1.4237547382344498, y: -1.3517364544645156, True
2025-02-27 22:46:13.187 | INFO     | __main__:main:29 - coords x: -2.09111838455813, y: 0.1575022459922744, False
2025-02-27 22:46:13.187 | INFO     | __main__:main:29 - coords x: 1.2503044838801507, y: -0.03851291907971854, False
2025-02-27 22:46:13.187 | INFO     | __main__:main:29 - coords x: -1.5027832466290438, y: -0.7434782294851207, True
2025-02-27 22:46:13.187 | INFO     | __main__:main:29 - coords x: -0.2350276663559743, y: -0.7214002233821412, True
2025-02-27 22:46:13.187 | INFO     | __main__:main:29 - coords x: -0.9289397762597573, y: -1.7177309757219144, True
2025-02-27 22:46:13.187 | INFO     | __main__:main:29 - coords x: -0.8901721068048523, y: -1.3285440415933516, True
2025-02-27 22:46:13.187 | INFO     | __main__:main:29 - coords x: -0.5651983291006304, y: -1.5220834617174368, True
2025-02-27 22:46:13.187 | INFO     | __main__:main:29 - coords x: 0.47241537096695563, y: -1.0651294835794067, False
2025-02-27 22:46:13.188 | INFO     | __main__:main:29 - coords x: -1.72109451518846, y: -0.7474626454478313, True
2025-02-27 22:46:13.188 | INFO     | __main__:main:29 - coords x: 0.2242045107108352, y: 1.3923340194602332, True
2025-02-27 22:46:13.188 | INFO     | __main__:main:29 - coords x: 1.4374141762610322, y: -1.9373669722489386, False
2025-02-27 22:46:13.188 | INFO     | __main__:main:29 - coords x: -0.5155729016266923, y: 0.9213288207489195, False
2025-02-27 22:46:13.188 | INFO     | __main__:main:29 - coords x: -0.8574842789273811, y: -1.3289764738805434, True
2025-02-27 22:46:13.188 | INFO     | __main__:main:29 - coords x: 0.8850825176618026, y: 0.514739933670072, True
2025-02-27 22:46:13.188 | INFO     | __main__:main:29 - coords x: 1.3037314668269648, y: 0.9880376202088096, True
2025-02-27 22:46:13.188 | INFO     | __main__:main:29 - coords x: 1.4069952492870634, y: 0.6908851602020757, True
2025-02-27 22:46:13.188 | INFO     | __main__:main:29 - coords x: -1.6784745903149105, y: -1.2566968420556006, False
2025-02-27 22:46:13.188 | INFO     | __main__:main:29 - coords x: -0.6526011813395357, y: 0.17129764935382985, False
2025-02-27 22:46:13.188 | INFO     | __main__:main:29 - coords x: -0.2040066211648438, y: -1.3505949769886019, True
2025-02-27 22:46:13.188 | INFO     | __main__:main:29 - coords x: -0.9510959185734883, y: -0.43341578044467904, True
2025-02-27 22:46:13.188 | INFO     | __main__:main:29 - coords x: 0.47331673194354273, y: 0.03451892509103822, True
2025-02-27 22:46:13.188 | INFO     | __main__:main:29 - coords x: -1.7402489379791688, y: -1.804424642391124, False
2025-02-27 22:46:13.188 | INFO     | __main__:main:29 - coords x: -1.5997473454052558, y: -1.851060019989751, False
2025-02-27 22:46:13.189 | INFO     | __main__:main:29 - coords x: 0.7262238678160028, y: -1.9399717551797626, False
2025-02-27 22:46:13.189 | INFO     | __main__:main:29 - coords x: 1.3231727516109353, y: 1.3209565796144829, True
2025-02-27 22:46:13.189 | INFO     | __main__:main:29 - coords x: -1.1027922292492927, y: -1.708296016421733, False
2025-02-27 22:46:13.189 | INFO     | __main__:main:29 - coords x: -0.8559157721918453, y: -0.31935552299723113, True
2025-02-27 22:46:13.189 | INFO     | __main__:main:29 - coords x: -1.8767877953790646, y: -0.2509068824908044, True
2025-02-27 22:46:13.189 | INFO     | __main__:main:29 - coords x: -1.1455038217297957, y: 0.003788664291910299, False
2025-02-27 22:46:13.189 | INFO     | __main__:main:29 - coords x: -1.7104245872048314, y: -0.8202707579838132, True
2025-02-27 22:46:13.189 | INFO     | __main__:main:29 - coords x: 0.06437969755202456, y: 0.4760213510827572, True
2025-02-27 22:46:13.189 | INFO     | __main__:main:29 - coords x: 0.23516977902837516, y: -0.8848425195756083, False
2025-02-27 22:46:13.189 | INFO     | __main__:main:29 - coords x: 0.2950146657390675, y: -1.5506098835598174, False
2025-02-27 22:46:13.189 | INFO     | __main__:main:29 - coords x: -0.3777797028630907, y: 0.612152267909423, False
2025-02-27 22:46:13.189 | INFO     | __main__:main:29 - coords x: -0.8920486787378454, y: -1.838716669832688, False
2025-02-27 22:46:13.190 | INFO     | __main__:main:29 - coords x: 1.1161253536086098, y: 1.4459130176026465, False
2025-02-27 22:46:13.190 | INFO     | __main__:main:29 - coords x: -1.1360568613341187, y: -0.8043572622214048, True
2025-02-27 22:46:13.190 | INFO     | __main__:main:29 - coords x: -1.278137862706863, y: -1.817970748905435, False
2025-02-27 22:46:13.190 | INFO     | __main__:main:29 - coords x: 1.0461899349062482, y: -1.5345028210435512, False
2025-02-27 22:46:13.190 | INFO     | __main__:main:29 - coords x: -0.9739715233222322, y: -1.2959107166258454, True
2025-02-27 22:46:13.190 | INFO     | __main__:main:29 - coords x: -1.967743372253662, y: 0.12638301102020683, False
2025-02-27 22:46:13.190 | INFO     | __main__:main:29 - coords x: -1.8114473421975574, y: -2.1259806817970657, False
2025-02-27 22:46:13.190 | INFO     | __main__:main:29 - coords x: -1.930468095802295, y: -0.797821132880688, False
2025-02-27 22:46:13.190 | INFO     | __main__:main:29 - coords x: 0.5697300020717736, y: -1.8561745218667316, False
2025-02-27 22:46:13.190 | INFO     | __main__:main:29 - coords x: -2.0591006183189795, y: -0.08197804992242134, False
2025-02-27 22:46:13.190 | INFO     | __main__:main:29 - coords x: -1.4690923097972222, y: -1.4897132870247094, False
2025-02-27 22:46:13.190 | INFO     | __main__:main:29 - coords x: -0.21203103906316242, y: -0.7580527391706087, True
2025-02-27 22:46:13.190 | INFO     | __main__:main:29 - coords x: -1.269836119305589, y: 1.4226890874658369, False
2025-02-27 22:46:13.190 | INFO     | __main__:main:29 - coords x: -1.326076203601689, y: 0.3916219827480464, False
2025-02-27 22:46:13.190 | INFO     | __main__:main:29 - coords x: -1.1458369643048556, y: -1.842300376927614, False
2025-02-27 22:46:13.190 | INFO     | __main__:main:29 - coords x: -1.766749320629308, y: 0.8644860473088831, False
2025-02-27 22:46:13.191 | INFO     | __main__:main:29 - coords x: 1.1440950415086195, y: -1.4466722482159273, False
2025-02-27 22:46:13.191 | INFO     | __main__:main:29 - coords x: 1.270105456101175, y: -0.8547447167088339, False
2025-02-27 22:46:13.191 | INFO     | __main__:main:29 - coords x: 1.3197615494158617, y: -1.772116092922789, False
2025-02-27 22:46:13.191 | INFO     | __main__:main:29 - coords x: -0.2991379665102894, y: -1.6681190024304722, True
2025-02-27 22:46:13.191 | INFO     | __main__:main:29 - coords x: 1.0141416816696616, y: -1.8856098067727833, False
2025-02-27 22:46:13.191 | INFO     | __main__:main:29 - coords x: 0.7228688840613771, y: -1.4581018501116114, False
2025-02-27 22:46:13.191 | INFO     | __main__:main:29 - coords x: 0.2818471056993056, y: 1.5393494178808342, False
2025-02-27 22:46:13.191 | INFO     | __main__:main:29 - coords x: -0.023188355706891234, y: -1.0052753237989718, True
2025-02-27 22:46:13.191 | INFO     | __main__:main:29 - coords x: -1.8189370487659038, y: -0.8116839593636798, True
2025-02-27 22:46:13.191 | INFO     | __main__:main:29 - coords x: -1.1364759311100279, y: -1.356074061940402, True
2025-02-27 22:46:13.191 | INFO     | __main__:main:29 - coords x: -0.20627799285979762, y: 1.5451813629074997, False
2025-02-27 22:46:13.191 | INFO     | __main__:main:29 - coords x: -1.6813161984629745, y: -0.5014288995984171, True
2025-02-27 22:46:13.191 | INFO     | __main__:main:29 - coords x: 1.2554413568577716, y: 0.3952388991866551, True
2025-02-27 22:46:13.191 | INFO     | __main__:main:29 - coords x: 1.0596682046447818, y: -1.9715849301565107, False
2025-02-27 22:46:13.191 | INFO     | __main__:main:29 - coords x: 1.0533269527158895, y: 1.0234536785986814, True
2025-02-27 22:46:13.192 | INFO     | __main__:main:29 - coords x: -0.9780671606288124, y: -1.0671749242886694, True
2025-02-27 22:46:13.192 | INFO     | __main__:main:29 - coords x: -0.8348800871714517, y: -0.35336072963866055, True
2025-02-27 22:46:13.192 | INFO     | __main__:main:29 - coords x: -0.81441204488432, y: 0.10887626849719363, False
2025-02-27 22:46:13.192 | INFO     | __main__:main:29 - coords x: -2.074841203227894, y: -1.6302934863809158, False
2025-02-27 22:46:13.192 | INFO     | __main__:main:29 - coords x: 0.9542118600811123, y: -1.0004893128597807, False
2025-02-27 22:46:13.192 | INFO     | __main__:main:29 - coords x: 0.14723367961660133, y: -0.8292179569538203, False
2025-02-27 22:46:13.192 | INFO     | __main__:main:29 - coords x: 0.8314375810239136, y: 1.213517693349024, True
2025-02-27 22:46:13.192 | INFO     | __main__:main:29 - coords x: -0.6713492122005686, y: -2.1006936767912494, False
2025-02-27 22:46:13.192 | INFO     | __main__:main:29 - coords x: -1.5724547008229484, y: -1.0470632419799428, True
2025-02-27 22:46:13.192 | INFO     | __main__:main:29 - coords x: 0.3847358032088385, y: 0.8519719436946576, True
2025-02-27 22:46:13.192 | INFO     | __main__:main:29 - coords x: -1.7889252838664276, y: 1.460705735540325, False
2025-02-27 22:46:13.192 | INFO     | __main__:main:29 - coords x: -0.2572294571418452, y: -1.3852382161264214, True
2025-02-27 22:46:13.192 | INFO     | __main__:main:29 - coords x: -0.3041912431116474, y: 1.580238876114902, False
2025-02-27 22:46:13.192 | INFO     | __main__:main:29 - coords x: 0.8368307604240046, y: 0.0037137713709317877, True
2025-02-27 22:46:13.192 | INFO     | __main__:main:29 - coords x: -0.9647744923428377, y: -0.12097648482386374, True
2025-02-27 22:46:13.193 | INFO     | __main__:main:29 - coords x: 0.026177201370312805, y: -1.1584144562151888, False
2025-02-27 22:46:13.193 | INFO     | __main__:main:29 - coords x: 1.4346684392877678, y: -2.0686471589778517, False
2025-02-27 22:46:13.193 | INFO     | __main__:main:29 - coords x: 0.8925798174610345, y: 0.7234353558971934, True
2025-02-27 22:46:13.193 | INFO     | __main__:main:29 - coords x: 0.5235553229048662, y: -0.5591884011972257, False
2025-02-27 22:46:13.194 | INFO     | __main__:main:29 - coords x: -0.08568897821269986, y: -1.4307047141145686, True
2025-02-27 22:46:13.194 | INFO     | __main__:main:29 - coords x: 1.0272807187252584, y: 1.2613032628939065, True
2025-02-27 22:46:13.194 | INFO     | __main__:main:29 - coords x: 0.12037133174256862, y: -0.12145904361954164, False
2025-02-27 22:46:13.194 | INFO     | __main__:main:29 - coords x: 1.1580766544274632, y: -0.524767461139713, False
2025-02-27 22:46:13.194 | INFO     | __main__:main:29 - coords x: 0.7963966191488852, y: -1.4173077949457118, False
2025-02-27 22:46:13.194 | INFO     | __main__:main:29 - coords x: -1.6863725749433214, y: 0.5268953398283056, False
2025-02-27 22:46:13.194 | INFO     | __main__:main:29 - coords x: 0.9430564946913429, y: 0.6296551094010865, True
2025-02-27 22:46:13.194 | INFO     | __main__:main:29 - coords x: -1.5786198731482204, y: 1.3484390457453808, False
2025-02-27 22:46:13.194 | INFO     | __main__:main:29 - coords x: -0.22200852253564943, y: -2.0777857087200067, False
2025-02-27 22:46:13.195 | INFO     | __main__:main:29 - coords x: -0.8290551610235971, y: -1.667249375242516, True
2025-02-27 22:46:13.195 | INFO     | __main__:main:29 - coords x: -1.1996891657117639, y: -0.706931924223578, True
2025-02-27 22:46:13.195 | INFO     | __main__:main:29 - coords x: 1.2588109923254782, y: 0.9592147361460763, True
2025-02-27 22:46:13.195 | INFO     | __main__:main:29 - coords x: -0.016715373838332322, y: -0.4639248431628092, True
2025-02-27 22:46:13.195 | INFO     | __main__:main:29 - coords x: -0.9025927287807625, y: 1.4632013056508617, False
2025-02-27 22:46:13.195 | INFO     | __main__:main:29 - coords x: -0.07779516591165989, y: 1.5038130789153454, False
2025-02-27 22:46:13.195 | INFO     | __main__:main:29 - coords x: -1.7341600450140673, y: -0.9602926232875205, True
2025-02-27 22:46:13.196 | INFO     | __main__:main:29 - coords x: 0.20032570807471944, y: 0.7395743392262657, True
2025-02-27 22:46:13.196 | INFO     | __main__:main:29 - coords x: 0.18255944567944984, y: -1.0406603027253434, False
2025-02-27 22:46:13.196 | INFO     | __main__:main:29 - coords x: 0.048495540531307495, y: -0.32207476063978946, False
2025-02-27 22:46:13.196 | INFO     | __main__:main:29 - coords x: -1.9333194617792744, y: -0.47747499781340147, True
2025-02-27 22:46:13.196 | INFO     | __main__:main:29 - coords x: 1.5396346448404938, y: -0.257893163063176, False
2025-02-27 22:46:13.196 | INFO     | __main__:main:29 - coords x: 0.5575305299022101, y: -0.004676678738515817, False
2025-02-27 22:46:13.196 | INFO     | __main__:main:29 - coords x: -1.4268956347099573, y: 0.3280884039955438, False
2025-02-27 22:46:13.196 | INFO     | __main__:main:29 - coords x: -1.8584748587719486, y: -1.7474950163420595, False
2025-02-27 22:46:13.196 | INFO     | __main__:main:29 - coords x: -1.3377326265313503, y: 0.6768465232735887, False
2025-02-27 22:46:13.196 | INFO     | __main__:main:29 - coords x: 0.7904839482887003, y: 0.3137450152608195, True
2025-02-27 22:46:13.196 | INFO     | __main__:main:29 - coords x: 0.5933816919779292, y: -0.5352530813888199, False
2025-02-27 22:46:13.196 | INFO     | __main__:main:29 - coords x: 1.4972805981824826, y: -0.9631581102034181, False
2025-02-27 22:46:13.196 | INFO     | __main__:main:29 - coords x: -0.43244035992698393, y: -0.4829170538993004, True
2025-02-27 22:46:13.197 | INFO     | __main__:main:29 - coords x: -0.18087203963238543, y: -0.35965735457466985, True
2025-02-27 22:46:13.197 | INFO     | __main__:main:29 - coords x: -2.0541245792720435, y: -1.6522446562963895, False
2025-02-27 22:46:13.197 | INFO     | __main__:main:29 - coords x: -0.1255095268795465, y: -1.0513427787670468, True
2025-02-27 22:46:13.197 | INFO     | __main__:main:29 - coords x: -2.0159628649792785, y: 0.5507969900363318, False
2025-02-27 22:46:13.197 | INFO     | __main__:main:29 - coords x: 0.7566169314341656, y: -1.1285810937235352, False
2025-02-27 22:46:13.197 | INFO     | __main__:main:29 - coords x: -2.0190617231049606, y: -0.37155631608659273, False
2025-02-27 22:46:13.197 | INFO     | __main__:main:29 - coords x: -0.9544823211857203, y: -0.16315048310130417, True
2025-02-27 22:46:13.197 | INFO     | __main__:main:29 - coords x: -0.2083802489759924, y: 0.6579899228652077, False
2025-02-27 22:46:13.197 | INFO     | __main__:main:29 - coords x: 0.34141441330301026, y: 0.3611748685475416, True
2025-02-27 22:46:13.198 | INFO     | __main__:main:29 - coords x: 0.1643079476084128, y: 0.08768698676469436, True
2025-02-27 22:46:13.198 | INFO     | __main__:main:29 - coords x: -1.9143683444004018, y: -0.6628044093306953, False
2025-02-27 22:46:13.198 | INFO     | __main__:main:29 - coords x: -1.058181388785237, y: -1.9642208084373443, False
2025-02-27 22:46:13.198 | INFO     | __main__:main:29 - coords x: -0.8427825799404622, y: 0.7170309515873102, False
2025-02-27 22:46:13.198 | INFO     | __main__:main:29 - coords x: 0.712553610726389, y: -0.2844998157979916, False
2025-02-27 22:46:13.199 | INFO     | __main__:main:29 - coords x: -1.9476676522744207, y: 1.497651235520542, False
2025-02-27 22:46:13.199 | INFO     | __main__:main:29 - coords x: -1.7708751620363878, y: -1.6088930940761892, False
2025-02-27 22:46:13.199 | INFO     | __main__:main:29 - coords x: -1.5414625988901893, y: 1.453577057453257, False
2025-02-27 22:46:13.199 | INFO     | __main__:main:29 - coords x: 0.5608908422494076, y: -0.5378178652525623, False
2025-02-27 22:46:13.199 | INFO     | __main__:main:29 - coords x: -1.8814125940403645, y: 0.21638729682721788, False
2025-02-27 22:46:13.199 | INFO     | __main__:main:29 - coords x: -1.9395148567191587, y: -1.8045758563992218, False
2025-02-27 22:46:13.199 | INFO     | __main__:main:29 - coords x: 0.932487722798721, y: -0.13568679940435457, False
2025-02-27 22:46:13.199 | INFO     | __main__:main:29 - coords x: -1.5164401459735246, y: 1.4349170343821955, False
2025-02-27 22:46:13.199 | INFO     | __main__:main:29 - coords x: 0.536153576004598, y: 0.5521959802634883, True
2025-02-27 22:46:13.199 | INFO     | __main__:main:29 - coords x: 0.754551135157785, y: -0.24674671552258914, False
2025-02-27 22:46:13.199 | INFO     | __main__:main:29 - coords x: -0.30601129410366656, y: -1.8187364477936199, True
2025-02-27 22:46:13.199 | INFO     | __main__:main:29 - coords x: -1.897435764161184, y: 0.34129599722712406, False
2025-02-27 22:46:13.199 | INFO     | __main__:main:29 - coords x: -0.6779952639575293, y: 0.39411456341760615, False
2025-02-27 22:46:13.199 | INFO     | __main__:main:29 - coords x: -0.6883617999776392, y: -1.6476990645886882, True
2025-02-27 22:46:13.199 | INFO     | __main__:main:29 - coords x: -1.7695586855542935, y: -0.14120635370989884, True
2025-02-27 22:46:13.199 | INFO     | __main__:main:29 - coords x: -0.09957702286253116, y: 1.472542731039706, False
2025-02-27 22:46:13.199 | INFO     | __main__:main:29 - coords x: 0.14765051750617283, y: 0.7116294588492127, True
2025-02-27 22:46:13.199 | INFO     | __main__:main:29 - coords x: 0.14088797149444873, y: -1.1583677667558807, False
2025-02-27 22:46:13.199 | INFO     | __main__:main:29 - coords x: -1.7541694817395268, y: 1.4348201462053352, False
2025-02-27 22:46:13.199 | INFO     | __main__:main:29 - coords x: -1.5686317525317324, y: -0.8762654613018309, True
2025-02-27 22:46:13.200 | INFO     | __main__:main:29 - coords x: -0.9086781918371258, y: 0.7228090094420563, False
2025-02-27 22:46:13.200 | INFO     | __main__:main:29 - coords x: 0.4744023477009752, y: -0.4446639591332854, False
2025-02-27 22:46:13.200 | INFO     | __main__:main:29 - coords x: 0.30845547392628336, y: -2.047117713951093, False
2025-02-27 22:46:13.200 | INFO     | __main__:main:29 - coords x: -0.48619867168492226, y: 0.5935945876426559, False
2025-02-27 22:46:13.200 | INFO     | __main__:main:29 - coords x: -1.1092513706535378, y: 1.0168435927293769, False
2025-02-27 22:46:13.200 | INFO     | __main__:main:29 - coords x: 0.7245485340788761, y: 1.2221817366563128, True
2025-02-27 22:46:13.200 | INFO     | __main__:main:29 - coords x: -0.08432371541699997, y: -0.5859197036188527, True
2025-02-27 22:46:13.200 | INFO     | __main__:main:29 - coords x: -0.5857313605973349, y: 1.4648228917534707, False
2025-02-27 22:46:13.200 | INFO     | __main__:main:29 - coords x: -1.155492816115461, y: 0.6458716662203549, False
2025-02-27 22:46:13.200 | INFO     | __main__:main:29 - coords x: 0.1537501653984388, y: 0.6624209755330519, True
2025-02-27 22:46:13.200 | INFO     | __main__:main:29 - coords x: 0.3101224069434319, y: -1.2014762720863976, False
2025-02-27 22:46:13.200 | INFO     | __main__:main:29 - coords x: -0.30463354393083203, y: -1.357487973012434, True
2025-02-27 22:46:13.200 | INFO     | __main__:main:29 - coords x: -1.6513610677004442, y: -1.8083562436459462, False
2025-02-27 22:46:13.200 | INFO     | __main__:main:29 - coords x: -0.673924711930346, y: -1.4447739578309282, True
2025-02-27 22:46:13.200 | INFO     | __main__:main:29 - coords x: 1.3478545432387954, y: 1.1593927953165035, True
2025-02-27 22:46:13.200 | INFO     | __main__:main:29 - coords x: 0.6724892899933099, y: -0.7855860024020839, False
2025-02-27 22:46:13.200 | INFO     | __main__:main:29 - coords x: -0.2647856315017236, y: 0.9928795643953127, False
2025-02-27 22:46:13.200 | INFO     | __main__:main:29 - coords x: -0.16359886625702028, y: -1.7130368725823202, True
2025-02-27 22:46:13.200 | INFO     | __main__:main:29 - coords x: -0.8980715868695506, y: 0.5516371977580543, False
2025-02-27 22:46:13.201 | INFO     | __main__:main:29 - coords x: 1.1263622040674688, y: -0.9078771120723788, False
2025-02-27 22:46:13.201 | INFO     | __main__:main:29 - coords x: -1.8939325055266385, y: -1.8856565524821378, False
2025-02-27 22:46:13.201 | INFO     | __main__:main:29 - coords x: 0.6707799233530384, y: -1.1416249541274897, False
2025-02-27 22:46:13.201 | INFO     | __main__:main:29 - coords x: 0.9982549945495223, y: 0.8946492253934525, True
2025-02-27 22:46:13.201 | INFO     | __main__:main:29 - coords x: -1.1748000786219295, y: -0.8167275739778769, True
2025-02-27 22:46:13.201 | INFO     | __main__:main:29 - coords x: -0.6540837741585739, y: -1.7189361145161162, True
2025-02-27 22:46:13.201 | INFO     | __main__:main:29 - coords x: -1.7843239881658977, y: -1.178530612687836, False
2025-02-27 22:46:13.201 | INFO     | __main__:main:29 - coords x: 0.13049145472110776, y: -0.05862627332720377, False
2025-02-27 22:46:13.201 | INFO     | __main__:main:29 - coords x: 0.5085994531784288, y: 0.4025554022598543, True
2025-02-27 22:46:13.201 | INFO     | __main__:main:29 - coords x: 0.46746248571991067, y: -1.2605993302338725, False
2025-02-27 22:46:13.201 | INFO     | __main__:main:29 - coords x: -1.435876295017874, y: -0.6149889233235352, True
2025-02-27 22:46:13.201 | INFO     | __main__:main:29 - coords x: 0.7308314882591062, y: 1.4336813705807394, False
2025-02-27 22:46:13.201 | INFO     | __main__:main:29 - coords x: -0.39697200918779313, y: -1.9855218180686676, False
2025-02-27 22:46:13.201 | INFO     | __main__:main:29 - coords x: -0.7788350571179916, y: -1.2420448902444274, True
2025-02-27 22:46:13.201 | INFO     | __main__:main:29 - coords x: 1.2157423317837397, y: -1.5934441894841522, False
2025-02-27 22:46:13.201 | INFO     | __main__:main:29 - coords x: -0.8716184034776798, y: -1.3715636519565013, True
2025-02-27 22:46:13.201 | INFO     | __main__:main:29 - coords x: -0.22698868583491935, y: -1.930179420710864, True
2025-02-27 22:46:13.201 | INFO     | __main__:main:29 - coords x: -2.1609458152153587, y: 0.10836769786599393, False
2025-02-27 22:46:13.201 | INFO     | __main__:main:29 - coords x: -2.161157242973847, y: -0.006882725867748099, False
2025-02-27 22:46:13.201 | INFO     | __main__:main:29 - coords x: -0.7713172880645681, y: 0.21059428953383771, False
2025-02-27 22:46:13.201 | INFO     | __main__:main:29 - coords x: -0.7520110590214147, y: -0.1465815136421499, True
2025-02-27 22:46:13.201 | INFO     | __main__:main:29 - coords x: -1.4906279587884328, y: 0.5170694947808452, False
2025-02-27 22:46:13.202 | INFO     | __main__:main:29 - coords x: 0.6522805539713236, y: 1.3898312721619233, True
2025-02-27 22:46:13.202 | INFO     | __main__:main:29 - coords x: -0.30649375922563254, y: 0.8506891071378481, False
2025-02-27 22:46:13.202 | INFO     | __main__:main:29 - coords x: 0.9837899678653638, y: 1.1961177610769802, True
2025-02-27 22:46:13.202 | INFO     | __main__:main:29 - coords x: -1.2171957417861716, y: -1.3174669955874883, True
2025-02-27 22:46:13.202 | INFO     | __main__:main:29 - coords x: -0.3260578659288547, y: -1.760242980677731, True
2025-02-27 22:46:13.202 | INFO     | __main__:main:29 - coords x: 0.11912736931811649, y: 1.0079346850890238, True
2025-02-27 22:46:13.203 | INFO     | __main__:main:29 - coords x: -0.6759872533164281, y: 0.5571345315441987, False
2025-02-27 22:46:13.203 | INFO     | __main__:main:29 - coords x: -1.2807136160902557, y: 0.927696771115449, False
2025-02-27 22:46:13.203 | INFO     | __main__:main:29 - coords x: -0.3640314590280176, y: -1.5294205658305167, True
2025-02-27 22:46:13.203 | INFO     | __main__:main:29 - coords x: -0.40102843914925757, y: -1.871162984111165, True
2025-02-27 22:46:13.203 | INFO     | __main__:main:29 - coords x: -0.31894054974872105, y: 1.534631625581806, False
2025-02-27 22:46:13.203 | INFO     | __main__:main:29 - coords x: -0.24544050751139987, y: -0.6396330076356948, True
2025-02-27 22:46:13.203 | INFO     | __main__:main:29 - coords x: -1.0990247347319781, y: 0.05592273210724365, False
2025-02-27 22:46:13.203 | INFO     | __main__:main:29 - coords x: 0.2776595271163033, y: -1.5653912978403668, False
2025-02-27 22:46:13.203 | INFO     | __main__:main:29 - coords x: -0.7682955945810815, y: 0.8350111665502966, False
2025-02-27 22:46:13.203 | INFO     | __main__:main:29 - coords x: -0.16763362644629898, y: 0.6014841073125907, False
2025-02-27 22:46:13.203 | INFO     | __main__:main:29 - coords x: 0.5918691624123507, y: -1.8561531341983903, False
2025-02-27 22:46:13.204 | INFO     | __main__:main:29 - coords x: -0.7795738251549151, y: -1.5222658680498709, True
2025-02-27 22:46:13.204 | INFO     | __main__:main:29 - coords x: 1.2736257355246736, y: -1.8000849286931326, False
2025-02-27 22:46:13.204 | INFO     | __main__:main:29 - coords x: -1.1924549831528501, y: 0.2054067766970761, False
2025-02-27 22:46:13.204 | INFO     | __main__:main:29 - coords x: 1.310602461312881, y: -0.09792923444924156, False
2025-02-27 22:46:13.204 | INFO     | __main__:main:29 - coords x: 0.4514574157182334, y: -0.11185952512553263, False
2025-02-27 22:46:13.204 | INFO     | __main__:main:29 - coords x: -1.9594696893281285, y: 0.0976304566308541, False
2025-02-27 22:46:13.204 | INFO     | __main__:main:29 - coords x: -0.8200133415658524, y: -1.087216133116795, True
2025-02-27 22:46:13.204 | INFO     | __main__:main:29 - coords x: -1.9180277280539102, y: -0.2525065185083339, True
2025-02-27 22:46:13.204 | INFO     | __main__:main:29 - coords x: 1.0504121350782376, y: 0.6593864651995558, True
2025-02-27 22:46:13.204 | INFO     | __main__:main:29 - coords x: 1.459406598830184, y: -1.0745082127462335, False
2025-02-27 22:46:13.204 | INFO     | __main__:main:29 - coords x: 0.2988579053826502, y: -0.069946978670973, False
2025-02-27 22:46:13.204 | INFO     | __main__:main:29 - coords x: -2.103779146152066, y: 1.0602193853031312, False
2025-02-27 22:46:13.204 | INFO     | __main__:main:29 - coords x: -1.4209513292268767, y: -2.0871925335039028, False
2025-02-27 22:46:13.204 | INFO     | __main__:main:29 - coords x: -1.355094888201494, y: -1.4822294581951923, False
2025-02-27 22:46:13.204 | INFO     | __main__:main:29 - coords x: 0.38831280074934466, y: -0.21231191979139577, False
2025-02-27 22:46:13.204 | INFO     | __main__:main:29 - coords x: 0.9254440363683369, y: -0.946974583136181, False
2025-02-27 22:46:13.205 | INFO     | __main__:main:29 - coords x: 1.0489153688844794, y: 1.1405102006872854, True
2025-02-27 22:46:13.205 | INFO     | __main__:main:29 - coords x: -0.42784755275320896, y: 0.9069705926806586, False
2025-02-27 22:46:13.205 | INFO     | __main__:main:29 - coords x: -2.014942860317799, y: -1.0124933455001228, False
2025-02-27 22:46:13.205 | INFO     | __main__:main:29 - coords x: -0.9922206709440899, y: 1.4745750316258865, False
2025-02-27 22:46:13.205 | INFO     | __main__:main:29 - coords x: -0.5887530800587706, y: 1.3545084911876266, False
2025-02-27 22:46:13.205 | INFO     | __main__:main:29 - coords x: 0.5660360846557657, y: 0.07838859054707681, True
2025-02-27 22:46:13.205 | INFO     | __main__:main:29 - coords x: 0.37884756697594846, y: -1.3434095826698964, False
2025-02-27 22:46:13.205 | INFO     | __main__:main:29 - coords x: -1.15967837061467, y: -1.7506702457675027, False
2025-02-27 22:46:13.205 | INFO     | __main__:main:29 - coords x: 0.3046233074373108, y: -1.836862501484986, False
2025-02-27 22:46:13.205 | INFO     | __main__:main:29 - coords x: -1.9822471675080509, y: 1.1550217377269751, False
2025-02-27 22:46:13.205 | INFO     | __main__:main:29 - coords x: 0.142739639563669, y: -1.5415518159693742, False
2025-02-27 22:46:13.205 | INFO     | __main__:main:29 - coords x: -1.0064659034617345, y: 0.22695078413740147, False
2025-02-27 22:46:13.205 | INFO     | __main__:main:29 - coords x: -0.7712715872555358, y: -0.3493766501949022, True
2025-02-27 22:46:13.205 | INFO     | __main__:main:29 - coords x: -1.514953658520403, y: -0.19975619943381287, True
2025-02-27 22:46:13.205 | INFO     | __main__:main:29 - coords x: -1.6114548653682188, y: 1.1069695528208685, False
2025-02-27 22:46:13.205 | INFO     | __main__:main:29 - coords x: 0.3616211098373493, y: -1.6945948505581703, False
2025-02-27 22:46:13.205 | INFO     | __main__:main:29 - coords x: -0.928437589654992, y: 0.29829069388095586, False
2025-02-27 22:46:13.205 | INFO     | __main__:main:29 - coords x: 1.5551295119202375, y: -0.7978240204537009, False
2025-02-27 22:46:13.205 | INFO     | __main__:main:29 - coords x: 0.029733853680566864, y: 1.3278869099271553, True
2025-02-27 22:46:13.205 | INFO     | __main__:main:29 - coords x: 0.09468116177759146, y: -2.0379210112022124, False
2025-02-27 22:46:13.206 | INFO     | __main__:main:29 - coords x: 0.341569209393797, y: 0.32965535395233253, True
2025-02-27 22:46:13.206 | INFO     | __main__:main:29 - coords x: 0.35261807538790313, y: 1.4296156839225624, False
2025-02-27 22:46:13.206 | INFO     | __main__:main:29 - coords x: 0.5553218972665251, y: -0.8369618821226849, False
2025-02-27 22:46:13.206 | INFO     | __main__:main:29 - coords x: -0.6881771898961786, y: -1.5522118479463474, True
2025-02-27 22:46:13.206 | INFO     | __main__:main:29 - coords x: -0.3273178126781259, y: -1.799245902056859, True
2025-02-27 22:46:13.206 | INFO     | __main__:main:29 - coords x: 1.5462479851801967, y: 0.04899194668740539, False
2025-02-27 22:46:13.206 | INFO     | __main__:main:29 - coords x: 1.3867377418668032, y: -0.8081910303367024, False
2025-02-27 22:46:13.206 | INFO     | __main__:main:29 - coords x: -1.0773083249220223, y: -0.7322617882091653, True
2025-02-27 22:46:13.206 | INFO     | __main__:main:29 - coords x: 0.14346186130516436, y: -0.4749383161548792, False
2025-02-27 22:46:13.206 | INFO     | __main__:main:29 - coords x: -0.1022473674448061, y: -1.6074633445520814, True
2025-02-27 22:46:13.206 | INFO     | __main__:main:29 - coords x: -2.1363857351746924, y: 1.2302603461011554, False
2025-02-27 22:46:13.206 | INFO     | __main__:main:29 - coords x: -0.1238584591337126, y: -0.9916104615274329, True
2025-02-27 22:46:13.206 | INFO     | __main__:main:29 - coords x: 0.6319022917750395, y: -1.5097617049699732, False
2025-02-27 22:46:13.206 | INFO     | __main__:main:29 - coords x: 0.9272723066275993, y: -1.9161957484415686, False
2025-02-27 22:46:13.206 | INFO     | __main__:main:29 - coords x: -1.3464137672682153, y: -0.9777457674789486, True
2025-02-27 22:46:13.207 | INFO     | __main__:main:29 - coords x: -1.4498309274917336, y: -0.6698599088501394, True
2025-02-27 22:46:13.207 | INFO     | __main__:main:29 - coords x: -0.532092895799431, y: -1.3245141420882425, True
2025-02-27 22:46:13.207 | INFO     | __main__:main:29 - coords x: -0.29913318353300183, y: -1.7124573446549882, True
2025-02-27 22:46:13.207 | INFO     | __main__:main:29 - coords x: -0.8209372711184589, y: -0.13749974663881606, True
2025-02-27 22:46:13.207 | INFO     | __main__:main:29 - coords x: 0.43919692275017597, y: -0.5313152737576357, False
2025-02-27 22:46:13.207 | INFO     | __main__:main:29 - coords x: 0.3997103575076282, y: -0.8813365475476994, False
2025-02-27 22:46:13.207 | INFO     | __main__:main:29 - coords x: 0.916879131737264, y: -1.497998925972725, False
2025-02-27 22:46:13.208 | INFO     | __main__:main:29 - coords x: 0.6633454396254744, y: 0.3833256888761303, True
2025-02-27 22:46:13.208 | INFO     | __main__:main:29 - coords x: 1.2307921614384525, y: 1.356271355722705, True
2025-02-27 22:46:13.208 | INFO     | __main__:main:29 - coords x: -1.5762630821040853, y: -1.2307104212042046, True
2025-02-27 22:46:13.208 | INFO     | __main__:main:29 - coords x: -2.016558202593414, y: 0.6222302013529956, False
2025-02-27 22:46:13.208 | INFO     | __main__:main:29 - coords x: 0.5462634861491403, y: -1.2404457935854551, False
2025-02-27 22:46:13.208 | INFO     | __main__:main:29 - coords x: 1.006191440736835, y: -1.7094623535902538, False
2025-02-27 22:46:13.208 | INFO     | __main__:main:29 - coords x: -1.0074340090170113, y: 0.8343141054739311, False
2025-02-27 22:46:13.208 | INFO     | __main__:main:29 - coords x: -1.647512074437487, y: 0.3240277373599634, False
2025-02-27 22:46:13.208 | INFO     | __main__:main:29 - coords x: 1.3890460519088652, y: -0.8135966425629122, False
2025-02-27 22:46:13.208 | INFO     | __main__:main:29 - coords x: -1.6960485351075465, y: 0.18363310211568296, False
2025-02-27 22:46:13.208 | INFO     | __main__:main:29 - coords x: 1.3743685034999964, y: 1.312636446859197, True
2025-02-27 23:27:52.798 | INFO     | __main__:main:29 - coords x: 2.1575456606041006, y: -2.2292464506742005, False
2025-02-27 23:27:52.798 | INFO     | __main__:main:29 - coords x: -2.4464674264275357, y: -0.5341622205201635, True
2025-02-27 23:27:52.799 | INFO     | __main__:main:29 - coords x: 0.052240156114556735, y: -2.175749528403082, False
2025-02-27 23:27:52.799 | INFO     | __main__:main:29 - coords x: 0.7995593382338194, y: 1.4100769365802865, True
2025-02-27 23:27:52.799 | INFO     | __main__:main:29 - coords x: 1.8937127010080697, y: 2.1470209886314566, False
2025-02-27 23:27:52.799 | INFO     | __main__:main:29 - coords x: 1.5338873530882293, y: -2.1003734211034377, False
2025-02-27 23:27:52.799 | INFO     | __main__:main:29 - coords x: -2.6708953965045943, y: -1.98598384143681, False
2025-02-27 23:27:52.799 | INFO     | __main__:main:29 - coords x: -2.7366959091699234, y: -0.7252282377603625, True
2025-02-27 23:27:52.799 | INFO     | __main__:main:29 - coords x: 1.7721392005477803, y: -1.917493245491668, False
2025-02-27 23:27:52.800 | INFO     | __main__:main:29 - coords x: -1.6114523671823913, y: 1.8902163773541756, False
2025-02-27 23:27:52.800 | INFO     | __main__:main:29 - coords x: -3.122107548496873, y: 1.9707658310081362, False
2025-02-27 23:27:52.800 | INFO     | __main__:main:29 - coords x: -0.7012210818830539, y: -0.10386059434778902, True
2025-02-27 23:27:52.800 | INFO     | __main__:main:29 - coords x: -0.9889558017509752, y: -0.7885896346197206, True
2025-02-27 23:27:52.800 | INFO     | __main__:main:29 - coords x: 0.3362108811849222, y: 0.00856609357186495, True
2025-02-27 23:27:52.800 | INFO     | __main__:main:29 - coords x: 0.264279431075966, y: -2.1285459170653422, False
2025-02-27 23:27:52.800 | INFO     | __main__:main:29 - coords x: 1.3252954648334803, y: -1.6671408522991404, False
2025-02-27 23:27:52.800 | INFO     | __main__:main:29 - coords x: -2.890199168002603, y: -3.2109976437332826, False
2025-02-27 23:27:52.801 | INFO     | __main__:main:29 - coords x: -2.870852143299567, y: 1.500826505495615, False
2025-02-27 23:27:52.801 | INFO     | __main__:main:29 - coords x: -0.14436185764445925, y: 1.6307082394825185, False
2025-02-27 23:27:52.801 | INFO     | __main__:main:29 - coords x: 1.2812582213948716, y: -2.9633701903392704, False
2025-02-27 23:27:52.801 | INFO     | __main__:main:29 - coords x: 0.6448047935382992, y: 1.2310633255936674, True
2025-02-27 23:27:52.801 | INFO     | __main__:main:29 - coords x: 2.274535920106411, y: -1.455607862904035, False
2025-02-27 23:27:52.801 | INFO     | __main__:main:29 - coords x: -2.4007420929601704, y: -3.0535288924544832, False
2025-02-27 23:27:52.801 | INFO     | __main__:main:29 - coords x: 1.8566107735424886, y: 0.17365566516834002, True
2025-02-27 23:27:52.801 | INFO     | __main__:main:29 - coords x: 1.091731468977364, y: 0.051981755436911116, True
2025-02-27 23:27:52.801 | INFO     | __main__:main:29 - coords x: -1.8541447056080629, y: -0.41857925025314097, True
2025-02-27 23:27:52.801 | INFO     | __main__:main:29 - coords x: 0.1164016741811733, y: 2.1608414742005695, False
2025-02-27 23:27:52.801 | INFO     | __main__:main:29 - coords x: -1.1091794006324502, y: -2.0790901603202667, True
2025-02-27 23:27:52.802 | INFO     | __main__:main:29 - coords x: -1.64133195343006, y: 0.1872910870128029, False
2025-02-27 23:27:52.802 | INFO     | __main__:main:29 - coords x: 1.7203466679058332, y: -1.3537545482893776, False
2025-02-27 23:27:52.802 | INFO     | __main__:main:29 - coords x: -0.8674772075570505, y: -1.2816951892865645, True
2025-02-27 23:27:52.802 | INFO     | __main__:main:29 - coords x: 0.35018325527558786, y: -0.7874146014813664, False
2025-02-27 23:27:52.802 | INFO     | __main__:main:29 - coords x: 0.06510986538770487, y: -0.42394533248348154, False
2025-02-27 23:27:52.802 | INFO     | __main__:main:29 - coords x: -1.2827343182291626, y: 2.21702824560733, False
2025-02-27 23:27:52.802 | INFO     | __main__:main:29 - coords x: 1.1821857227564894, y: -0.9008854528325161, False
2025-02-27 23:27:52.802 | INFO     | __main__:main:29 - coords x: -1.6271486123311074, y: -1.8868906087720736, True
2025-02-27 23:27:52.802 | INFO     | __main__:main:29 - coords x: -1.5144797399891297, y: -0.634388031797831, True
2025-02-27 23:27:52.803 | INFO     | __main__:main:29 - coords x: -0.8272354998076127, y: -1.5647345961315482, True
2025-02-27 23:27:52.803 | INFO     | __main__:main:29 - coords x: 2.0208652677500067, y: 2.295592971550179, False
2025-02-27 23:27:52.803 | INFO     | __main__:main:29 - coords x: -1.6545932977102622, y: -0.3154979013980428, True
2025-02-27 23:27:52.804 | INFO     | __main__:main:29 - coords x: -0.3164928673462549, y: -2.543178412010389, True
2025-02-27 23:27:52.804 | INFO     | __main__:main:29 - coords x: -2.337894250961463, y: -2.223821557518339, False
2025-02-27 23:27:52.804 | INFO     | __main__:main:29 - coords x: -1.1434251071209878, y: 0.9902814604779892, False
2025-02-27 23:27:52.804 | INFO     | __main__:main:29 - coords x: -2.0299232150307223, y: 0.5872307286204859, False
2025-02-27 23:27:52.804 | INFO     | __main__:main:29 - coords x: -1.6619458239595513, y: 2.2426059325314185, False
2025-02-27 23:27:52.804 | INFO     | __main__:main:29 - coords x: -1.1079960836557565, y: -0.5832990475350746, True
2025-02-27 23:27:52.804 | INFO     | __main__:main:29 - coords x: 0.25920381645870344, y: -1.7524411586260251, False
2025-02-27 23:27:52.804 | INFO     | __main__:main:29 - coords x: -2.319925840935604, y: -2.4251084179191187, False
2025-02-27 23:27:52.804 | INFO     | __main__:main:29 - coords x: -2.147514464657617, y: -3.0433094554956592, False
2025-02-27 23:27:52.804 | INFO     | __main__:main:29 - coords x: -2.8403396205987317, y: -1.7877429782906349, False
2025-02-27 23:27:52.805 | INFO     | __main__:main:29 - coords x: 1.825279895884036, y: 0.0067175846546403345, True
2025-02-27 23:27:52.805 | INFO     | __main__:main:29 - coords x: -0.7156133364704466, y: -2.8656408233099797, True
2025-02-27 23:27:52.805 | INFO     | __main__:main:29 - coords x: -1.7645151568536908, y: -1.1462151402725262, True
2025-02-27 23:27:52.805 | INFO     | __main__:main:29 - coords x: -0.28028016157298974, y: -1.7686285260650128, True
2025-02-27 23:27:52.805 | INFO     | __main__:main:29 - coords x: -1.0070666324400106, y: -0.03867569934171894, True
2025-02-27 23:27:52.805 | INFO     | __main__:main:29 - coords x: -0.3535337979297922, y: -0.11043234709299239, True
2025-02-27 23:27:52.805 | INFO     | __main__:main:29 - coords x: -0.3313541165903572, y: -2.6618270680958394, True
2025-02-27 23:27:52.805 | INFO     | __main__:main:29 - coords x: 1.761309993037967, y: -0.6457110131429022, False
2025-02-27 23:27:52.805 | INFO     | __main__:main:29 - coords x: -1.3986250927618806, y: -1.212541182230955, True
2025-02-27 23:27:52.805 | INFO     | __main__:main:29 - coords x: -1.3204445237416318, y: -2.2983284245992364, True
2025-02-27 23:27:52.805 | INFO     | __main__:main:29 - coords x: -2.913895937390292, y: -1.9244337487285428, False
2025-02-27 23:27:52.805 | INFO     | __main__:main:29 - coords x: -1.843599529013674, y: -0.8476584164122886, True
2025-02-27 23:27:52.805 | INFO     | __main__:main:29 - coords x: 1.8123167786247796, y: -2.9779591164899286, False
2025-02-27 23:27:52.806 | INFO     | __main__:main:29 - coords x: -0.2578004194988755, y: -1.403452208097444, True
2025-02-27 23:27:52.806 | INFO     | __main__:main:29 - coords x: 1.3530993132201228, y: 0.3720687641946195, True
2025-02-27 23:27:52.806 | INFO     | __main__:main:29 - coords x: -1.3098366746034096, y: -2.4660004704107443, True
2025-02-27 23:27:52.806 | INFO     | __main__:main:29 - coords x: 0.9720252311815257, y: -1.7175146420827256, False
2025-02-27 23:27:52.806 | INFO     | __main__:main:29 - coords x: -1.9400218817116033, y: -1.3018287883505255, True
2025-02-27 23:27:52.806 | INFO     | __main__:main:29 - coords x: 0.9044448374866374, y: -3.14153784080447, False
2025-02-27 23:27:52.806 | INFO     | __main__:main:29 - coords x: -0.7868732778797127, y: 0.9478672641065774, False
2025-02-27 23:27:52.806 | INFO     | __main__:main:29 - coords x: 0.8924889063672142, y: -0.8870811255911883, False
2025-02-27 23:27:52.806 | INFO     | __main__:main:29 - coords x: 0.27938697249822525, y: 0.719253799888039, True
2025-02-27 23:27:52.806 | INFO     | __main__:main:29 - coords x: -0.04795225135927665, y: 1.5146736286425604, False
2025-02-27 23:27:52.806 | INFO     | __main__:main:29 - coords x: -2.280490270240243, y: 0.8520473149948075, False
2025-02-27 23:27:52.806 | INFO     | __main__:main:29 - coords x: 0.8679904147378087, y: -3.246271552388672, False
2025-02-27 23:27:52.807 | INFO     | __main__:main:29 - coords x: 1.379203826790659, y: 1.4671176715873129, True
2025-02-27 23:27:52.807 | INFO     | __main__:main:29 - coords x: -2.0951224083120867, y: 2.217512366731305, False
2025-02-27 23:27:52.807 | INFO     | __main__:main:29 - coords x: 2.0545699256430217, y: 0.4462212206209881, True
2025-02-27 23:27:52.807 | INFO     | __main__:main:29 - coords x: -1.915126491104374, y: 1.2513748773941435, False
2025-02-27 23:27:52.807 | INFO     | __main__:main:29 - coords x: -3.07776047220381, y: 1.6267004423412876, False
2025-02-27 23:27:52.807 | INFO     | __main__:main:29 - coords x: -1.939803247415317, y: -0.8550460437903122, True
2025-02-27 23:27:52.807 | INFO     | __main__:main:29 - coords x: -1.0148858089471535, y: 1.123109178919901, False
2025-02-27 23:27:52.807 | INFO     | __main__:main:29 - coords x: 2.2710117818472164, y: -3.1050304993761175, False
2025-02-27 23:27:52.807 | INFO     | __main__:main:29 - coords x: 0.9697369349848441, y: 1.8391926218339476, True
2025-02-27 23:27:52.807 | INFO     | __main__:main:29 - coords x: -3.0332152665877197, y: -2.962549007830459, False
2025-02-27 23:27:52.807 | INFO     | __main__:main:29 - coords x: 1.6996843406744486, y: -2.080901167434438, False
2025-02-27 23:27:52.808 | INFO     | __main__:main:29 - coords x: -2.9437931810175706, y: 2.300475359342469, False
2025-02-27 23:27:52.808 | INFO     | __main__:main:29 - coords x: -0.20042434457755348, y: -3.1560631403433317, False
2025-02-27 23:27:52.808 | INFO     | __main__:main:29 - coords x: -1.3014187225113782, y: -2.787120988673173, False
2025-02-27 23:27:52.808 | INFO     | __main__:main:29 - coords x: -2.156406955699226, y: -1.363553526451461, True
2025-02-27 23:27:52.808 | INFO     | __main__:main:29 - coords x: -1.5141267043756663, y: -1.8490084847489403, True
2025-02-27 23:27:52.808 | INFO     | __main__:main:29 - coords x: -1.8953729729667859, y: -2.227370000139645, True
2025-02-27 23:27:52.808 | INFO     | __main__:main:29 - coords x: 1.9106429471772048, y: 0.3362219300947071, True
2025-02-27 23:27:52.808 | INFO     | __main__:main:29 - coords x: -0.9330364264242883, y: -3.164895524525112, False
2025-02-27 23:27:52.809 | INFO     | __main__:main:29 - coords x: -2.942477983999801, y: -0.9665282488215982, False
2025-02-27 23:27:52.809 | INFO     | __main__:main:29 - coords x: -2.717590918735932, y: -1.0651540243019875, True
2025-02-27 23:27:52.809 | INFO     | __main__:main:29 - coords x: -2.4519000383439975, y: 1.010648532908771, False
2025-02-27 23:27:52.809 | INFO     | __main__:main:29 - coords x: -1.0931434506311775, y: -1.472998926414627, True
2025-02-27 23:27:52.809 | INFO     | __main__:main:29 - coords x: 2.030755051467604, y: 1.924172358646838, True
2025-02-27 23:27:52.809 | INFO     | __main__:main:29 - coords x: 0.23246502082056275, y: -1.8690090645087774, False
2025-02-27 23:27:52.809 | INFO     | __main__:main:29 - coords x: 0.29856560236034557, y: -0.018064940714947936, False
2025-02-27 23:27:52.809 | INFO     | __main__:main:29 - coords x: -0.8410665386573664, y: -2.622097000601581, True
2025-02-27 23:27:52.809 | INFO     | __main__:main:29 - coords x: 1.1797876280626818, y: -0.03215337567674729, False
2025-02-27 23:27:52.809 | INFO     | __main__:main:29 - coords x: 1.1883126856707216, y: -2.3363794348627183, False
2025-02-27 23:27:52.809 | INFO     | __main__:main:29 - coords x: 1.0305244053656335, y: 1.1461344925150274, True
2025-02-27 23:27:52.810 | INFO     | __main__:main:29 - coords x: -2.911040576009892, y: -0.5886829505351439, True
2025-02-27 23:27:52.810 | INFO     | __main__:main:29 - coords x: -1.8006483010460286, y: 2.2474811862028803, False
2025-02-27 23:27:52.810 | INFO     | __main__:main:29 - coords x: -1.1764172088285703, y: -3.0344961589255175, False
2025-02-27 23:27:52.811 | INFO     | __main__:main:29 - coords x: 0.7732424486363363, y: -1.7845496268811025, False
2025-02-27 23:27:52.811 | INFO     | __main__:main:29 - coords x: -1.8212035025189517, y: -2.438801579284421, False
2025-02-27 23:27:52.811 | INFO     | __main__:main:29 - coords x: -0.7323636416760623, y: 0.2672635568093531, False
2025-02-27 23:27:52.811 | INFO     | __main__:main:29 - coords x: -1.4008015195466932, y: 1.1824272476555626, False
2025-02-27 23:27:52.811 | INFO     | __main__:main:29 - coords x: 2.265160174083049, y: -2.782354471029125, False
2025-02-27 23:27:52.811 | INFO     | __main__:main:29 - coords x: -3.184929202048147, y: -0.6597817045149061, False
2025-02-27 23:27:52.812 | INFO     | __main__:main:29 - coords x: 0.523535427471005, y: 1.5938120578759343, True
2025-02-27 23:27:52.812 | INFO     | __main__:main:29 - coords x: -1.8395252541886207, y: 1.4081130810755191, False
2025-02-27 23:27:52.812 | INFO     | __main__:main:29 - coords x: 1.0864531837347327, y: 1.2101692418980599, True
2025-02-27 23:27:52.812 | INFO     | __main__:main:29 - coords x: 1.6705000189971775, y: -1.9211897489573724, False
2025-02-27 23:27:52.812 | INFO     | __main__:main:29 - coords x: -1.0304151288868686, y: 1.6032005307303148, False
2025-02-27 23:27:52.812 | INFO     | __main__:main:29 - coords x: 0.7344647457013747, y: -1.337668600452616, False
2025-02-27 23:27:52.812 | INFO     | __main__:main:29 - coords x: -0.44324826377944254, y: 0.7429837864617445, False
2025-02-27 23:27:52.812 | INFO     | __main__:main:29 - coords x: 0.17546403256889714, y: -1.518758092230021, False
2025-02-27 23:27:52.812 | INFO     | __main__:main:29 - coords x: 0.9709930956395244, y: -0.23465417306317402, False
2025-02-27 23:27:52.812 | INFO     | __main__:main:29 - coords x: -3.127211168301905, y: -1.3561609673815664, False
2025-02-27 23:27:52.813 | INFO     | __main__:main:29 - coords x: -2.0592393318150286, y: 0.05123349213676364, False
2025-02-27 23:27:52.813 | INFO     | __main__:main:29 - coords x: -0.8564053658813654, y: -0.6235821068709937, True
2025-02-27 23:27:52.813 | INFO     | __main__:main:29 - coords x: 0.12718462547797593, y: -1.4887029843132948, False
2025-02-27 23:27:52.813 | INFO     | __main__:main:29 - coords x: -1.1765295053956442, y: -2.5694158541596352, True
2025-02-27 23:27:52.813 | INFO     | __main__:main:29 - coords x: -1.5540146433952373, y: -0.5974059280084238, True
2025-02-27 23:27:52.813 | INFO     | __main__:main:29 - coords x: -2.1369896173477687, y: -0.762121833390031, True
2025-02-27 23:27:52.813 | INFO     | __main__:main:29 - coords x: -2.753164884199271, y: 1.069950971914047, False
2025-02-27 23:27:52.813 | INFO     | __main__:main:29 - coords x: -1.608823958715504, y: -2.746212503487909, False
2025-02-27 23:27:52.813 | INFO     | __main__:main:29 - coords x: 0.2868220477436177, y: 0.9958216096975975, True
2025-02-27 23:27:52.813 | INFO     | __main__:main:29 - coords x: 0.7744709183840963, y: 1.9921601556876585, True
2025-02-27 23:27:52.813 | INFO     | __main__:main:29 - coords x: -0.4209686218273596, y: -1.0362666667285914, True
2025-02-27 23:27:52.813 | INFO     | __main__:main:29 - coords x: 0.22044815765995743, y: 1.9397540219227614, True
2025-02-27 23:27:52.813 | INFO     | __main__:main:29 - coords x: -2.9572830538959574, y: 2.26237254152716, False
2025-02-27 23:27:52.813 | INFO     | __main__:main:29 - coords x: -1.5272698322256395, y: -1.6408699818886683, True
2025-02-27 23:27:52.813 | INFO     | __main__:main:29 - coords x: 0.09035838096515586, y: -2.172038637927071, False
2025-02-27 23:27:52.814 | INFO     | __main__:main:29 - coords x: 0.9144606008138593, y: -0.025813564891659722, False
2025-02-27 23:27:52.814 | INFO     | __main__:main:29 - coords x: 1.624088502666486, y: 0.7954646000470879, True
2025-02-27 23:27:52.814 | INFO     | __main__:main:29 - coords x: -0.8876752937623776, y: 1.1752904368878392, False
2025-02-27 23:27:52.814 | INFO     | __main__:main:29 - coords x: 0.8943097615500203, y: 0.480819415328191, True
2025-02-27 23:27:52.814 | INFO     | __main__:main:29 - coords x: -1.4279037888562032, y: -1.625306423399727, True
2025-02-27 23:27:52.814 | INFO     | __main__:main:29 - coords x: -3.0764959193484134, y: -2.77031159771056, False
2025-02-27 23:27:52.814 | INFO     | __main__:main:29 - coords x: -3.0842361907719438, y: 0.9940852458259603, False
2025-02-27 23:27:52.814 | INFO     | __main__:main:29 - coords x: -1.0595551313104716, y: 0.17635183462098733, False
2025-02-27 23:27:52.814 | INFO     | __main__:main:29 - coords x: 0.16103502594106317, y: -0.7921933072767785, False
2025-02-27 23:27:52.814 | INFO     | __main__:main:29 - coords x: 0.7551444170602275, y: 1.0397003075867448, True
2025-02-27 23:27:52.814 | INFO     | __main__:main:29 - coords x: 2.2852511694022577, y: -0.13578317552863745, False
2025-02-27 23:27:52.814 | INFO     | __main__:main:29 - coords x: 0.35828241458837673, y: 1.9744713474896582, True
2025-02-27 23:27:52.814 | INFO     | __main__:main:29 - coords x: -0.5529039996803554, y: 1.1290926328260684, False
2025-02-27 23:27:52.814 | INFO     | __main__:main:29 - coords x: -0.24894196764765417, y: 0.468534842425152, False
2025-02-27 23:27:52.814 | INFO     | __main__:main:29 - coords x: -0.6157349027195598, y: -0.15235253628328205, True
2025-02-27 23:27:52.815 | INFO     | __main__:main:29 - coords x: -1.9291087866333807, y: 2.267259959099667, False
2025-02-27 23:27:52.815 | INFO     | __main__:main:29 - coords x: 1.9352266911852767, y: -0.04177071936861348, False
2025-02-27 23:27:52.815 | INFO     | __main__:main:29 - coords x: 0.7733874110256637, y: 1.3329417638020593, True
2025-02-27 23:27:52.815 | INFO     | __main__:main:29 - coords x: -2.913502880353437, y: 1.9132213836922605, False
2025-02-27 23:27:52.815 | INFO     | __main__:main:29 - coords x: -2.5063917940388163, y: -0.004867377607967569, True
2025-02-27 23:27:52.815 | INFO     | __main__:main:29 - coords x: 0.6201221413578839, y: -2.1581368954237377, False
2025-02-27 23:27:52.815 | INFO     | __main__:main:29 - coords x: -2.333782273978915, y: -1.1797238345566319, True
2025-02-27 23:27:52.815 | INFO     | __main__:main:29 - coords x: -1.2645310360452053, y: 1.2976783235231495, False
2025-02-27 23:27:52.815 | INFO     | __main__:main:29 - coords x: 2.1738923286400493, y: -1.0898600485819918, False
2025-02-27 23:27:52.815 | INFO     | __main__:main:29 - coords x: -2.296842122719834, y: 0.03092455939491935, False
2025-02-27 23:27:52.815 | INFO     | __main__:main:29 - coords x: -3.0888128238990586, y: 1.5405211765562774, False
2025-02-27 23:27:52.815 | INFO     | __main__:main:29 - coords x: -0.049160598144344377, y: -0.9260547826235797, True
2025-02-27 23:27:52.815 | INFO     | __main__:main:29 - coords x: -0.4510248971928445, y: -3.106490614085366, False
2025-02-27 23:27:52.815 | INFO     | __main__:main:29 - coords x: -1.537215150903147, y: -1.2938419642797567, True
2025-02-27 23:27:52.815 | INFO     | __main__:main:29 - coords x: 2.352091752866508, y: -3.1009002639798897, False
2025-02-27 23:27:52.815 | INFO     | __main__:main:29 - coords x: 2.252624523800282, y: -2.20583992925339, False
2025-02-27 23:27:52.815 | INFO     | __main__:main:29 - coords x: -0.37967323763118094, y: 1.026370944717208, False
2025-02-27 23:27:52.815 | INFO     | __main__:main:29 - coords x: -2.362293994220973, y: -0.6059007476066351, True
2025-02-27 23:27:52.816 | INFO     | __main__:main:29 - coords x: 0.8921297562496382, y: 0.42675823142178904, True
2025-02-27 23:27:52.816 | INFO     | __main__:main:29 - coords x: -0.7154013997251728, y: -2.745685817647756, True
2025-02-27 23:27:52.816 | INFO     | __main__:main:29 - coords x: -1.2431266142044315, y: 1.8978614517028467, False
2025-02-27 23:27:52.816 | INFO     | __main__:main:29 - coords x: -0.4683904660504804, y: -1.3816758644412985, True
2025-02-27 23:27:52.816 | INFO     | __main__:main:29 - coords x: -2.2684119221124237, y: 2.11356033544235, False
2025-02-27 23:27:52.816 | INFO     | __main__:main:29 - coords x: -3.1651011592087412, y: -1.6262084209251542, False
2025-02-27 23:27:52.816 | INFO     | __main__:main:29 - coords x: -1.3654818298940588, y: -1.858605258648795, True
2025-02-27 23:27:52.816 | INFO     | __main__:main:29 - coords x: 1.9089166645332865, y: -0.975341009361211, False
2025-02-27 23:27:52.816 | INFO     | __main__:main:29 - coords x: -2.143988189456397, y: -1.315079852109577, True
2025-02-27 23:27:52.816 | INFO     | __main__:main:29 - coords x: -0.49209503001961985, y: 0.4471995865397094, False
2025-02-27 23:27:52.816 | INFO     | __main__:main:29 - coords x: -2.2704865785611346, y: -3.014459842829217, False
2025-02-27 23:27:52.816 | INFO     | __main__:main:29 - coords x: -1.3369561592604071, y: 0.00713441223743664, False
2025-02-27 23:27:52.816 | INFO     | __main__:main:29 - coords x: 0.48598275730864715, y: -2.6834211792794247, False
2025-02-27 23:27:52.816 | INFO     | __main__:main:29 - coords x: 1.1745862656255617, y: -1.8913772423311266, False
2025-02-27 23:27:52.817 | INFO     | __main__:main:29 - coords x: 0.3163836209023911, y: 0.3275184832861133, True
2025-02-27 23:27:52.817 | INFO     | __main__:main:29 - coords x: 1.4531832340439872, y: -2.4842665874661938, False
2025-02-27 23:27:52.817 | INFO     | __main__:main:29 - coords x: -0.8953937576804386, y: -2.8122440065090726, True
2025-02-27 23:27:52.817 | INFO     | __main__:main:29 - coords x: -1.651903266262039, y: -1.9364112294990212, True
2025-02-27 23:27:52.817 | INFO     | __main__:main:29 - coords x: -2.4594218132040604, y: -2.0414538833965103, False
2025-02-27 23:27:52.817 | INFO     | __main__:main:29 - coords x: -3.003648221285632, y: -2.916025980841746, False
2025-02-27 23:27:52.817 | INFO     | __main__:main:29 - coords x: -2.3503833953639206, y: -0.5167651952321912, True
2025-02-27 23:27:52.817 | INFO     | __main__:main:29 - coords x: -1.1975160139820729, y: 2.2210870580132425, False
2025-02-27 23:27:52.817 | INFO     | __main__:main:29 - coords x: 1.6033704715219803, y: 0.5177031945693858, True
2025-02-27 23:27:52.817 | INFO     | __main__:main:29 - coords x: -0.8548655028728409, y: -2.634525157071849, True
2025-02-27 23:27:52.817 | INFO     | __main__:main:29 - coords x: 0.387046832610814, y: 1.47345563348327, True
2025-02-27 23:27:52.817 | INFO     | __main__:main:29 - coords x: -2.3006923920281115, y: 1.254012441905052, False
2025-02-27 23:27:52.817 | INFO     | __main__:main:29 - coords x: -2.8536385565130673, y: 0.6801629659618081, False
2025-02-27 23:27:52.817 | INFO     | __main__:main:29 - coords x: -2.009532125724773, y: -0.28709537178410377, True
2025-02-27 23:27:52.817 | INFO     | __main__:main:29 - coords x: 1.9012726870385273, y: -1.8485042652391868, False
2025-02-27 23:27:52.818 | INFO     | __main__:main:29 - coords x: -1.7305507614491893, y: 1.631294514761911, False
2025-02-27 23:27:52.818 | INFO     | __main__:main:29 - coords x: -1.1531915733191125, y: 1.5173302975491154, False
2025-02-27 23:27:52.818 | INFO     | __main__:main:29 - coords x: 1.645177291042547, y: -2.817605529427918, False
2025-02-27 23:27:52.818 | INFO     | __main__:main:29 - coords x: -2.5394563887655375, y: 1.5632861144276144, False
2025-02-27 23:27:52.818 | INFO     | __main__:main:29 - coords x: 1.5220328020457625, y: -2.1951409795352452, False
2025-02-27 23:27:52.818 | INFO     | __main__:main:29 - coords x: -1.5849405839771522, y: 1.261368626740828, False
2025-02-27 23:27:52.818 | INFO     | __main__:main:29 - coords x: 1.542967604385275, y: 1.429971010355224, True
2025-02-27 23:27:52.818 | INFO     | __main__:main:29 - coords x: -0.19701197908157717, y: 1.4999999914429025, False
2025-02-27 23:27:52.818 | INFO     | __main__:main:29 - coords x: -0.03473566515113164, y: 1.821717298041172, False
2025-02-27 23:27:52.818 | INFO     | __main__:main:29 - coords x: -2.7076907089821187, y: -0.21621558465746996, True
2025-02-27 23:27:52.818 | INFO     | __main__:main:29 - coords x: 1.856563634205043, y: -0.12211849054981395, False
2025-02-27 23:27:52.819 | INFO     | __main__:main:29 - coords x: -0.2362845648016346, y: -3.1381295875615596, False
2025-02-27 23:27:52.819 | INFO     | __main__:main:29 - coords x: -1.5915020734050525, y: 2.0671970030085145, False
2025-02-27 23:27:52.819 | INFO     | __main__:main:29 - coords x: 1.3857167843876976, y: -0.33691945568499815, False
2025-02-27 23:27:52.819 | INFO     | __main__:main:29 - coords x: -0.317682088445938, y: 0.17599664993513417, False
2025-02-27 23:27:52.819 | INFO     | __main__:main:29 - coords x: -1.0883774924208014, y: -2.488055231891921, True
2025-02-27 23:27:52.819 | INFO     | __main__:main:29 - coords x: 1.063456417947504, y: -2.2425632667435043, False
2025-02-27 23:27:52.819 | INFO     | __main__:main:29 - coords x: -1.1875144918603804, y: -2.6611843549137784, True
2025-02-27 23:27:52.819 | INFO     | __main__:main:29 - coords x: 2.0066783815060454, y: -3.228908936348498, False
2025-02-27 23:27:52.819 | INFO     | __main__:main:29 - coords x: 0.23088974852043248, y: -1.7180241960932676, False
2025-02-27 23:27:52.819 | INFO     | __main__:main:29 - coords x: -1.2241907724512857, y: 1.7662210039355755, False
2025-02-27 23:27:52.819 | INFO     | __main__:main:29 - coords x: -2.923233753565527, y: -1.3387630059205093, False
2025-02-27 23:27:52.820 | INFO     | __main__:main:29 - coords x: -0.9558503496208072, y: 1.701200644001401, False
2025-02-27 23:27:52.820 | INFO     | __main__:main:29 - coords x: 2.1998606600710824, y: -0.6085585281367408, False
2025-02-27 23:27:52.820 | INFO     | __main__:main:29 - coords x: 1.1584011615143577, y: 0.43893818295318193, True
2025-02-27 23:27:52.820 | INFO     | __main__:main:29 - coords x: -0.4164602094871862, y: -2.763390258394456, True
2025-02-27 23:27:52.820 | INFO     | __main__:main:29 - coords x: -0.47964156089161625, y: 1.2459018177468009, False
2025-02-27 23:27:52.820 | INFO     | __main__:main:29 - coords x: 1.6484282347826134, y: 0.13295992159206266, True
2025-02-27 23:27:52.820 | INFO     | __main__:main:29 - coords x: 0.379472115584335, y: -2.3115767903455264, False
2025-02-27 23:27:52.820 | INFO     | __main__:main:29 - coords x: 0.5879598149883744, y: -1.3447378943193733, False
2025-02-27 23:27:52.820 | INFO     | __main__:main:29 - coords x: -2.7581280984975636, y: 1.2246780099212478, False
2025-02-27 23:27:52.820 | INFO     | __main__:main:29 - coords x: -0.1402414972130115, y: -1.7162650094090248, True
2025-02-27 23:27:52.820 | INFO     | __main__:main:29 - coords x: -1.8382585548315815, y: -0.31659252792050957, True
2025-02-27 23:27:52.820 | INFO     | __main__:main:29 - coords x: 0.9975169187967957, y: 1.4255249785463735, True
2025-02-27 23:27:52.820 | INFO     | __main__:main:29 - coords x: 0.06865784673594999, y: 0.39530062173161007, True
2025-02-27 23:27:52.821 | INFO     | __main__:main:29 - coords x: -3.1325187732770954, y: -1.4198905316764092, False
2025-02-27 23:27:52.821 | INFO     | __main__:main:29 - coords x: -3.1875604417059424, y: 0.3785864727964591, False
2025-02-27 23:27:52.821 | INFO     | __main__:main:29 - coords x: -0.8439833749790059, y: 0.6596788460687992, False
2025-02-27 23:27:52.821 | INFO     | __main__:main:29 - coords x: 1.406787956624304, y: -1.4877510517426522, False
2025-02-27 23:27:52.821 | INFO     | __main__:main:29 - coords x: 1.6898015278555776, y: 0.5540677946043001, True
2025-02-27 23:27:52.821 | INFO     | __main__:main:29 - coords x: 1.516756388759928, y: -1.4960298790969078, False
2025-02-27 23:27:52.821 | INFO     | __main__:main:29 - coords x: 2.245666526827301, y: 1.1366636997117063, False
2025-02-27 23:27:52.821 | INFO     | __main__:main:29 - coords x: 1.496591235749539, y: -0.4964220287327363, False
2025-02-27 23:27:52.821 | INFO     | __main__:main:29 - coords x: -0.50209539569218, y: 1.214256792558315, False
2025-02-27 23:27:52.821 | INFO     | __main__:main:29 - coords x: -2.282113138823165, y: 1.5345310061607538, False
2025-02-27 23:27:52.821 | INFO     | __main__:main:29 - coords x: 1.953725483339457, y: 0.979131785743443, True
2025-02-27 23:27:52.821 | INFO     | __main__:main:29 - coords x: 0.8114020399427464, y: -1.9780586327501308, False
2025-02-27 23:27:52.821 | INFO     | __main__:main:29 - coords x: -3.0598346236653944, y: -2.162329255574269, False
2025-02-27 23:27:52.821 | INFO     | __main__:main:29 - coords x: -0.4585469902974583, y: -1.3069278899132877, True
2025-02-27 23:27:52.822 | INFO     | __main__:main:29 - coords x: 2.0888176496404816, y: 0.5404940748579071, True
2025-02-27 23:27:52.822 | INFO     | __main__:main:29 - coords x: 1.5672313597602991, y: -2.057530473269085, False
2025-02-27 23:27:52.822 | INFO     | __main__:main:29 - coords x: 1.0983320358778332, y: 1.3256863927871931, True
2025-02-27 23:27:52.822 | INFO     | __main__:main:29 - coords x: 2.244690238651067, y: -0.6668710486563674, False
2025-02-27 23:27:52.822 | INFO     | __main__:main:29 - coords x: -1.6390601171894421, y: -1.7320530239817966, True
2025-02-27 23:27:52.822 | INFO     | __main__:main:29 - coords x: -0.13166669428609906, y: 1.1652390070905085, False
2025-02-27 23:27:52.822 | INFO     | __main__:main:29 - coords x: -0.41797921342885397, y: 1.0338355723111183, False
2025-02-27 23:27:52.822 | INFO     | __main__:main:29 - coords x: -2.18508795081258, y: -1.3021832151899804, True
2025-02-27 23:27:52.822 | INFO     | __main__:main:29 - coords x: 1.2639479794315462, y: 0.6150453513973493, True
2025-02-27 23:27:52.822 | INFO     | __main__:main:29 - coords x: 0.9234967518645941, y: -0.966832419530982, False
2025-02-27 23:27:52.822 | INFO     | __main__:main:29 - coords x: -0.14958635322016225, y: -1.6118306365655075, True
2025-02-27 23:27:52.822 | INFO     | __main__:main:29 - coords x: 1.8443443943805002, y: -1.9674544043718911, False
2025-02-27 23:27:52.822 | INFO     | __main__:main:29 - coords x: 1.292213590840175, y: 1.3425267388536135, True
2025-02-27 23:27:52.822 | INFO     | __main__:main:29 - coords x: -1.0861376869165449, y: -2.506414836973365, True
2025-02-27 23:27:52.822 | INFO     | __main__:main:29 - coords x: -2.0558176477334493, y: -2.4807248055918447, False
2025-02-27 23:27:52.822 | INFO     | __main__:main:29 - coords x: -2.6163841949410744, y: 2.2892616401840757, False
2025-02-27 23:27:52.823 | INFO     | __main__:main:29 - coords x: -2.8424300513426766, y: -0.5819451460472366, True
2025-02-27 23:27:52.823 | INFO     | __main__:main:29 - coords x: -1.259913336347345, y: 1.229598537256441, False
2025-02-27 23:27:52.823 | INFO     | __main__:main:29 - coords x: -0.19754765814138456, y: 0.9578218579662652, False
2025-02-27 23:27:52.823 | INFO     | __main__:main:29 - coords x: 2.2629885580343583, y: 2.2524117442743523, False
2025-02-27 23:27:52.823 | INFO     | __main__:main:29 - coords x: -0.46347983126731057, y: -1.1915678872816147, True
2025-02-27 23:27:52.823 | INFO     | __main__:main:29 - coords x: -0.4095066904137486, y: -0.07484971229417234, True
2025-02-27 23:27:52.823 | INFO     | __main__:main:29 - coords x: -0.262280522081085, y: 1.2427006844745871, False
2025-02-27 23:27:52.823 | INFO     | __main__:main:29 - coords x: 2.2467018884147105, y: 0.4410002824755986, False
2025-02-27 23:27:52.823 | INFO     | __main__:main:29 - coords x: -1.7729676123828653, y: -3.148088626351956, False
2025-02-27 23:27:52.823 | INFO     | __main__:main:29 - coords x: 0.548289816198088, y: 1.1084169675866815, True
2025-02-27 23:27:52.823 | INFO     | __main__:main:29 - coords x: -1.2797884867996396, y: -2.1751527581579393, True
2025-02-27 23:27:52.823 | INFO     | __main__:main:29 - coords x: 0.8269983841790676, y: -1.1155019949094114, False
2025-02-27 23:27:52.823 | INFO     | __main__:main:29 - coords x: -1.4473030770698183, y: 0.6533387731832089, False
2025-02-27 23:27:52.823 | INFO     | __main__:main:29 - coords x: -0.012088841195251878, y: -2.7485252388188357, True
2025-02-27 23:27:52.823 | INFO     | __main__:main:29 - coords x: 2.103110646643869, y: -3.1202912719969853, False
2025-02-27 23:27:52.823 | INFO     | __main__:main:29 - coords x: -1.3364741618143239, y: -2.1014310253308053, True
2025-02-27 23:27:52.823 | INFO     | __main__:main:29 - coords x: -1.384802265666, y: 2.0230208900699393, False
2025-02-27 23:27:52.823 | INFO     | __main__:main:29 - coords x: 0.2522852408315207, y: -0.4264245234519598, False
2025-02-27 23:27:52.824 | INFO     | __main__:main:29 - coords x: -0.5419946070862454, y: -1.3215713210191147, True
2025-02-27 23:27:52.824 | INFO     | __main__:main:29 - coords x: 1.9375569892255546, y: -1.5335444401300364, False
2025-02-27 23:27:52.824 | INFO     | __main__:main:29 - coords x: 0.5267011533087496, y: 1.842047701389359, True
2025-02-27 23:27:52.824 | INFO     | __main__:main:29 - coords x: 2.209132206844888, y: -1.3470370225944748, False
2025-02-27 23:27:52.824 | INFO     | __main__:main:29 - coords x: -3.1996792791058706, y: -2.315685110005999, False
2025-02-27 23:27:52.824 | INFO     | __main__:main:29 - coords x: -0.3343241883995285, y: 2.1939578234294843, False
2025-02-27 23:27:52.824 | INFO     | __main__:main:29 - coords x: -3.011799341566348, y: 1.3943226760574359, False
2025-02-27 23:27:52.824 | INFO     | __main__:main:29 - coords x: 0.9980067237996878, y: 1.2632039914096436, True
2025-02-27 23:27:52.824 | INFO     | __main__:main:29 - coords x: 1.683698551288576, y: 0.6992039146388593, True
2025-02-27 23:27:52.824 | INFO     | __main__:main:29 - coords x: -2.730996985116303, y: -1.1591090583848265, True
2025-02-27 23:27:52.824 | INFO     | __main__:main:29 - coords x: 0.98732593655947, y: -0.4553761329992217, False
2025-02-27 23:27:52.824 | INFO     | __main__:main:29 - coords x: -0.8193727957983501, y: 1.9753699303337664, False
2025-02-27 23:27:52.824 | INFO     | __main__:main:29 - coords x: 1.5826857283516167, y: 2.1893169635185084, False
2025-02-27 23:27:52.824 | INFO     | __main__:main:29 - coords x: -0.4033535702924785, y: -0.5895077875438944, True
2025-02-27 23:27:52.824 | INFO     | __main__:main:29 - coords x: -1.421050204919056, y: -2.6227198747852065, True
2025-02-27 23:27:52.824 | INFO     | __main__:main:29 - coords x: -1.9390694476560664, y: 0.5668532040495305, False
2025-02-27 23:28:33.294 | INFO     | __main__:main:29 - coords x: 0.7752661483243918, y: 2.7709660500573854, True
2025-02-27 23:28:33.295 | INFO     | __main__:main:29 - coords x: -2.4444062071436883, y: -0.9382571362399799, True
2025-02-27 23:28:33.295 | INFO     | __main__:main:29 - coords x: -3.590047844308397, y: -0.8898621421662481, True
2025-02-27 23:28:33.295 | INFO     | __main__:main:29 - coords x: -1.6109068400125923, y: -3.971673680230262, False
2025-02-27 23:28:33.295 | INFO     | __main__:main:29 - coords x: -1.591500775050541, y: 1.728363757349276, False
2025-02-27 23:28:33.295 | INFO     | __main__:main:29 - coords x: -2.8867480618076957, y: -2.1873485495192235, True
2025-02-27 23:28:33.295 | INFO     | __main__:main:29 - coords x: 0.6531822048037825, y: -1.3194824432098515, False
2025-02-27 23:28:33.295 | INFO     | __main__:main:29 - coords x: -3.8687882516104897, y: 0.6534388064134016, False
2025-02-27 23:28:33.295 | INFO     | __main__:main:29 - coords x: 1.9754581318846443, y: 2.138507309297614, True
2025-02-27 23:28:33.295 | INFO     | __main__:main:29 - coords x: 2.581185476219121, y: -0.2372735405770665, False
2025-02-27 23:28:33.295 | INFO     | __main__:main:29 - coords x: -3.892796278723705, y: -2.7217181243450166, False
2025-02-27 23:28:33.296 | INFO     | __main__:main:29 - coords x: -2.691491852881854, y: -2.9517509416940455, True
2025-02-27 23:28:33.296 | INFO     | __main__:main:29 - coords x: 2.8938524386065243, y: -4.231774008512279, False
2025-02-27 23:28:33.296 | INFO     | __main__:main:29 - coords x: 1.5039893420061294, y: 3.085902974727094, False
2025-02-27 23:28:33.296 | INFO     | __main__:main:29 - coords x: 2.233929759560293, y: -0.3005799732104022, False
2025-02-27 23:28:33.296 | INFO     | __main__:main:29 - coords x: -0.34376435674355676, y: 2.1271555388757, False
2025-02-27 23:28:33.296 | INFO     | __main__:main:29 - coords x: -0.017866468556492678, y: -0.23109159465899248, True
2025-02-27 23:28:33.296 | INFO     | __main__:main:29 - coords x: -1.8492006418578975, y: -0.8709355024701566, True
2025-02-27 23:28:33.296 | INFO     | __main__:main:29 - coords x: 0.5730226924748657, y: 1.0742282212768655, True
2025-02-27 23:28:33.296 | INFO     | __main__:main:29 - coords x: 0.8906155836570039, y: 0.21795413857096585, True
2025-02-27 23:28:44.404 | INFO     | __main__:main:29 - coords x: -2.8741931647121537, y: -2.7974385525331305, False
2025-02-27 23:28:44.405 | INFO     | __main__:main:29 - coords x: -2.8010278193793527, y: -2.2377891368913816, False
2025-02-27 23:28:44.405 | INFO     | __main__:main:29 - coords x: 1.9438084450488629, y: -0.8420745819948208, False
2025-02-27 23:28:44.405 | INFO     | __main__:main:29 - coords x: -1.490488259527971, y: -2.4643268300480963, True
2025-02-27 23:28:44.405 | INFO     | __main__:main:29 - coords x: -2.1187416960329104, y: -1.499690605929721, True
2025-02-27 23:28:44.405 | INFO     | __main__:main:29 - coords x: -2.6536247813251417, y: -2.0594105710672865, False
2025-02-27 23:28:44.405 | INFO     | __main__:main:29 - coords x: -1.8198347545989357, y: 1.3296876579777686, False
2025-02-27 23:28:44.405 | INFO     | __main__:main:29 - coords x: 1.8915615516222453, y: -2.510364231002443, False
2025-02-27 23:28:44.405 | INFO     | __main__:main:29 - coords x: -0.440369689696081, y: -2.09424994310745, True
2025-02-27 23:28:44.405 | INFO     | __main__:main:29 - coords x: -2.8333527971153383, y: -0.8727790656557123, True
2025-02-27 23:28:44.405 | INFO     | __main__:main:29 - coords x: 0.11360719740334495, y: -1.753850515106528, False
2025-02-27 23:28:44.405 | INFO     | __main__:main:29 - coords x: 0.9144776538301549, y: -3.1498061213151156, False
2025-02-27 23:28:44.405 | INFO     | __main__:main:29 - coords x: -1.332456521928165, y: -3.245905301726682, False
2025-02-27 23:28:44.405 | INFO     | __main__:main:29 - coords x: -1.3662823028639288, y: -2.160299988815207, True
2025-02-27 23:28:44.405 | INFO     | __main__:main:29 - coords x: 0.399424867601919, y: 0.7045684886037185, True
2025-02-27 23:28:44.405 | INFO     | __main__:main:29 - coords x: -0.21265683335177404, y: 1.2744411322340627, False
2025-02-27 23:28:44.405 | INFO     | __main__:main:29 - coords x: -0.16887714454093775, y: 1.065361145247866, False
2025-02-27 23:28:44.405 | INFO     | __main__:main:29 - coords x: 0.8364473004122689, y: -1.6974130194816466, False
2025-02-27 23:28:44.405 | INFO     | __main__:main:29 - coords x: 0.880046628149953, y: 1.8104817660802386, True
2025-02-27 23:28:44.405 | INFO     | __main__:main:29 - coords x: -1.6653908776399584, y: -0.03147060576040967, True
2025-02-27 23:29:45.087 | INFO     | __main__:main:29 - coords x: 1.3705714045701198, y: -2.5604335942676104, False
2025-02-27 23:29:45.089 | INFO     | __main__:main:29 - coords x: -3.0279829928649242, y: -3.005756780583804, False
2025-02-27 23:29:45.089 | INFO     | __main__:main:29 - coords x: -3.817977118253497, y: -2.7056903624816666, False
2025-02-27 23:29:45.089 | INFO     | __main__:main:29 - coords x: -2.9818204293487836, y: -2.988529271561898, False
2025-02-27 23:29:45.089 | INFO     | __main__:main:29 - coords x: -0.7095601264955329, y: -0.20603283541720063, True
2025-02-27 23:29:45.090 | INFO     | __main__:main:29 - coords x: 2.124449842520843, y: -0.2663808580948044, False
2025-02-27 23:29:45.090 | INFO     | __main__:main:29 - coords x: -1.0917104995935165, y: 2.5514943521868907, False
2025-02-27 23:29:45.090 | INFO     | __main__:main:29 - coords x: 2.6100791912995627, y: -4.003108054823315, False
2025-02-27 23:29:45.090 | INFO     | __main__:main:29 - coords x: -0.5620669121195752, y: 2.118998106986255, False
2025-02-27 23:29:45.090 | INFO     | __main__:main:29 - coords x: 2.0801336468030556, y: -0.8549376148582464, False
2025-02-27 23:29:45.090 | INFO     | __main__:main:29 - coords x: 1.1039901793274507, y: -2.2839387587755167, False
2025-02-27 23:29:45.090 | INFO     | __main__:main:29 - coords x: 0.4722787868630084, y: 2.5778691713411535, True
2025-02-27 23:29:45.091 | INFO     | __main__:main:29 - coords x: 2.034889257857898, y: 1.1158240269179303, True
2025-02-27 23:29:45.091 | INFO     | __main__:main:29 - coords x: 2.078936739591084, y: -1.1730172626636968, False
2025-02-27 23:29:45.091 | INFO     | __main__:main:29 - coords x: -1.5855015381068591, y: 0.8814567380248416, False
2025-02-27 23:29:45.091 | INFO     | __main__:main:29 - coords x: -2.8314691023527394, y: 1.1351618853156233, False
2025-02-27 23:29:45.091 | INFO     | __main__:main:29 - coords x: -1.4154220630815997, y: 0.44887796720335427, False
2025-02-27 23:29:45.092 | INFO     | __main__:main:29 - coords x: 0.37779987753912686, y: -0.17836377232115938, False
2025-02-27 23:29:45.092 | INFO     | __main__:main:29 - coords x: 0.012246643236269315, y: -2.0810555160196462, False
2025-02-27 23:29:45.092 | INFO     | __main__:main:29 - coords x: -4.047988753911991, y: 0.5614204369878709, False
